 
 Possible matches for unknown subsection 
 
 GLOBAL
 
   enum ELPA in section %__ROOT__%GLOBAL for keyword PREFERRED_DIAG_LIBRARY score:  106
   enum LOW in section %__ROOT__%GLOBAL for keyword PRINT_LEVEL score:  106
   enum LOW in section %__ROOT__%GLOBAL for keyword IOLEVEL score:  106
   enum ALL in section %__ROOT__%GLOBAL for keyword CALLGRAPH score:  106
   enum ROW in section %__ROOT__%GLOBAL for keyword BLACS_GRID score:  105

 *******************************************************************************
 *   ___                                                                       *
 *  /   \                                                                      *
 * [ABORT]                                                                     *
 *  \___/               unknown subsection GLOBAL of section GLOBAL            *
 *    |                                                                        *
 *  O/|                                                                        *
 * /| |                                                                        *
 * / \                                               input/input_parsing.F:187 *
 *******************************************************************************


 ===== Routine Calling Stack ===== 

            3 section_vals_parse
            2 section_vals_parse
            1 read_input
