Electrostatic potential parameters

Grid information (see 1_default_grid.dat in Angstrom)
    Number of grid points:            523

Quantum electrostatic potential (see 1_default_grid_esp.dat)

Constraints
    Charge constraints
        Total charge of   0.81251981 on the set   2
        Total charge of  -0.60549639 on the set   3
        Total charge of  -0.66614767 on the set   4
        Total charge of   0.45456629 on the set   8
    Equality constraints
        Equal charges on atoms
                                  5   6   7

Restraint
    Hyperbolic restraint to a charge of zero
    Hydrogen atoms are not restrained
    resp_a:                           0.0010
    resp_b:                           0.1000

Fit

Electrostatic Potential Charges
   Center  Symbol       ESP      RESP
      1    C      -0.29031695 -0.27379765
      2    C       0.81251981  0.81251981
      3    O      -0.60549639 -0.60549639
      4    O      -0.66614767 -0.66614767
      5    H       0.09829164  0.09278521
      6    H       0.09829164  0.09278521
      7    H       0.09829164  0.09278521
      8    H       0.45456629  0.45456629
Total Charge:      0.00000000  0.00000000
