Electrostatic potential parameters

Grid information (see 1_default_grid.dat in Angstrom)
    Number of grid points:            1089

Quantum electrostatic potential (see 1_default_grid_esp.dat)

Constraints
    Charge constraints
        Total charge of   0.07053638 on the set   2
        Total charge of   0.08505954 on the set   3
        Total charge of  -0.47140638 on the set   4
        Total charge of   0.12577573 on the set   5
        Total charge of  -0.10083401 on the set   6
        Total charge of   0.36409482 on the set   7
        Total charge of  -0.49600920 on the set   8
        Total charge of  -0.04595407 on the set   9
        Total charge of   0.36252474 on the set  10
        Total charge of  -0.52858770 on the set  11
        Total charge of   0.02500887 on the set  12
        Total charge of   0.17305142 on the set  18
    Equality constraints
        Equal charges on atoms
                                 15  16  17
                                 19  20  21
                                 22  23  24

Restraint
    Hyperbolic restraint to a charge of zero
    Hydrogen atoms are not restrained
    resp_a:                           0.0010
    resp_b:                           0.1000

Fit

Electrostatic Potential Charges
   Center  Symbol       ESP      RESP
      1    C      -0.23874178 -0.20126142
      2    N       0.07053638  0.07053638
      3    C       0.08505954  0.08505954
      4    N      -0.47140638 -0.47140638
      5    C       0.12577573  0.12577573
      6    C      -0.10083401 -0.10083401
      7    C       0.36409482  0.36409482
      8    O      -0.49600920 -0.49600920
      9    N      -0.04595407 -0.04595407
     10    C       0.36252474  0.36252474
     11    O      -0.52858770 -0.52858770
     12    N       0.02500887  0.02500887
     13    C       0.03219309  0.00605432
     14    C      -0.04516977 -0.03375549
     15    H       0.12211271  0.11036590
     16    H       0.12211271  0.11036590
     17    H       0.12211271  0.11036590
     18    H       0.17305142  0.17305142
     19    H       0.04252273  0.05004295
     20    H       0.04252273  0.05004295
     21    H       0.04252273  0.05004295
     22    H       0.06485065  0.06149196
     23    H       0.06485065  0.06149196
     24    H       0.06485065  0.06149196
Total Charge:      0.00000000  0.00000000
