                      :-) GROMACS - gmx mdrun, 2020.4 (-:

                            GROMACS is written by:
     Emile Apol      Rossen Apostolov      Paul Bauer     Herman J.C. Berendsen
    Par Bjelkmar      Christian Blau   Viacheslav Bolnykh     Kevin Boyd    
 Aldert van Buuren   Rudi van Drunen     Anton Feenstra       Alan Gray     
  Gerrit Groenhof     Anca Hamuraru    Vincent Hindriksen  M. Eric Irrgang  
  Aleksei Iupinov   Christoph Junghans     Joe Jordan     Dimitrios Karkoulis
    Peter Kasson        Jiri Kraus      Carsten Kutzner      Per Larsson    
  Justin A. Lemkul    Viveca Lindahl    Magnus Lundborg     Erik Marklund   
    Pascal Merz     Pieter Meulenhoff    Teemu Murtola       Szilard Pall   
    Sander Pronk      Roland Schulz      Michael Shirts    Alexey Shvetsov  
   Alfons Sijbers     Peter Tieleman      Jon Vincent      Teemu Virolainen 
 Christian Wennberg    Maarten Wolf      Artem Zhmurov   
                           and the project leaders:
        Mark Abraham, Berk Hess, Erik Lindahl, and David van der Spoel

Copyright (c) 1991-2000, University of Groningen, The Netherlands.
Copyright (c) 2001-2019, The GROMACS development team at
Uppsala University, Stockholm University and
the Royal Institute of Technology, Sweden.
check out http://www.gromacs.org for more information.

GROMACS is free software; you can redistribute it and/or modify it
under the terms of the GNU Lesser General Public License
as published by the Free Software Foundation; either version 2.1
of the License, or (at your option) any later version.

GROMACS:      gmx mdrun, version 2020.4
Executable:   /share/apps/gromacs/2020.4/openmpi/intel/bin/gmx_mpi
Data prefix:  /share/apps/gromacs/2020.4/openmpi/intel
Working dir:  /scratch/work/courses/CHEM-GA-2671-2023fa/students/zg2344/comp-lab-class-2023/Week3
Process ID:   1513604
Command line:
  gmx_mpi mdrun -deffnm nvt

GROMACS version:    2020.4
Verified release checksum is 79c2857291b034542c26e90512b92fd4b184a1c9d6fa59c55f2e24ccf14e7281
Precision:          single
Memory model:       64 bit
MPI library:        MPI
OpenMP support:     disabled
GPU support:        disabled
SIMD instructions:  AVX_512
FFT library:        Intel MKL
RDTSCP usage:       enabled
TNG support:        enabled
Hwloc support:      disabled
Tracing support:    disabled
C compiler:         /share/apps/openmpi/4.0.5/intel/bin/mpicc Intel 19.1.2.20200623
C compiler flags:   -xCORE-AVX512 -qopt-zmm-usage=high -mkl=sequential -wd3180 -std=gnu99 -ip -funroll-all-loops -alias-const -ansi-alias -no-prec-div -fimf-domain-exclusion=14 -qoverride-limits -O3 -DNDEBUG
C++ compiler:       /share/apps/openmpi/4.0.5/intel/bin/mpicxx Intel 19.1.2.20200623
C++ compiler flags: -xCORE-AVX512 -qopt-zmm-usage=high -mkl=sequential -wd3180 -ip -funroll-all-loops -alias-const -ansi-alias -no-prec-div -fimf-domain-exclusion=14 -qoverride-limits -O3 -DNDEBUG


Running on 1 node with total 48 cores, 48 logical cores
Hardware detected on host gv001.hpc.nyu.edu (the node of MPI rank 0):
  CPU info:
    Vendor: Intel
    Brand:  Intel(R) Xeon(R) Platinum 8268 CPU @ 2.90GHz
    Family: 6   Model: 85   Stepping: 7
    Features: aes apic avx avx2 avx512f avx512cd avx512bw avx512vl clfsh cmov cx8 cx16 f16c fma htt intel lahf mmx msr nonstop_tsc pcid pclmuldq pdcm pdpe1gb popcnt pse rdrnd rdtscp sse2 sse3 sse4.1 sse4.2 ssse3 tdt x2apic
    Number of AVX-512 FMA units: 2
  Hardware topology: Only logical processor count


++++ PLEASE READ AND CITE THE FOLLOWING REFERENCE ++++
M. J. Abraham, T. Murtola, R. Schulz, S. Páll, J. C. Smith, B. Hess, E.
Lindahl
GROMACS: High performance molecular simulations through multi-level
parallelism from laptops to supercomputers
SoftwareX 1 (2015) pp. 19-25
-------- -------- --- Thank You --- -------- --------


++++ PLEASE READ AND CITE THE FOLLOWING REFERENCE ++++
S. Páll, M. J. Abraham, C. Kutzner, B. Hess, E. Lindahl
Tackling Exascale Software Challenges in Molecular Dynamics Simulations with
GROMACS
In S. Markidis & E. Laure (Eds.), Solving Software Challenges for Exascale 8759 (2015) pp. 3-27
-------- -------- --- Thank You --- -------- --------


++++ PLEASE READ AND CITE THE FOLLOWING REFERENCE ++++
S. Pronk, S. Páll, R. Schulz, P. Larsson, P. Bjelkmar, R. Apostolov, M. R.
Shirts, J. C. Smith, P. M. Kasson, D. van der Spoel, B. Hess, and E. Lindahl
GROMACS 4.5: a high-throughput and highly parallel open source molecular
simulation toolkit
Bioinformatics 29 (2013) pp. 845-54
-------- -------- --- Thank You --- -------- --------


++++ PLEASE READ AND CITE THE FOLLOWING REFERENCE ++++
B. Hess and C. Kutzner and D. van der Spoel and E. Lindahl
GROMACS 4: Algorithms for highly efficient, load-balanced, and scalable
molecular simulation
J. Chem. Theory Comput. 4 (2008) pp. 435-447
-------- -------- --- Thank You --- -------- --------


++++ PLEASE READ AND CITE THE FOLLOWING REFERENCE ++++
D. van der Spoel, E. Lindahl, B. Hess, G. Groenhof, A. E. Mark and H. J. C.
Berendsen
GROMACS: Fast, Flexible and Free
J. Comp. Chem. 26 (2005) pp. 1701-1719
-------- -------- --- Thank You --- -------- --------


++++ PLEASE READ AND CITE THE FOLLOWING REFERENCE ++++
E. Lindahl and B. Hess and D. van der Spoel
GROMACS 3.0: A package for molecular simulation and trajectory analysis
J. Mol. Mod. 7 (2001) pp. 306-317
-------- -------- --- Thank You --- -------- --------


++++ PLEASE READ AND CITE THE FOLLOWING REFERENCE ++++
H. J. C. Berendsen, D. van der Spoel and R. van Drunen
GROMACS: A message-passing parallel molecular dynamics implementation
Comp. Phys. Comm. 91 (1995) pp. 43-56
-------- -------- --- Thank You --- -------- --------


++++ PLEASE CITE THE DOI FOR THIS VERSION OF GROMACS ++++
https://doi.org/10.5281/zenodo.4054979
-------- -------- --- Thank You --- -------- --------

Input Parameters:
   integrator                     = md
   tinit                          = 0
   dt                             = 0.002
   nsteps                         = 50000
   init-step                      = 0
   simulation-part                = 1
   comm-mode                      = Linear
   nstcomm                        = 100
   bd-fric                        = 0
   ld-seed                        = 1509795474
   emtol                          = 10
   emstep                         = 0.01
   niter                          = 20
   fcstep                         = 0
   nstcgsteep                     = 1000
   nbfgscorr                      = 10
   rtpi                           = 0.05
   nstxout                        = 500
   nstvout                        = 500
   nstfout                        = 0
   nstlog                         = 500
   nstcalcenergy                  = 100
   nstenergy                      = 500
   nstxout-compressed             = 0
   compressed-x-precision         = 1000
   cutoff-scheme                  = Verlet
   nstlist                        = 10
   pbc                            = xyz
   periodic-molecules             = false
   verlet-buffer-tolerance        = 0.005
   rlist                          = 1
   coulombtype                    = PME
   coulomb-modifier               = Potential-shift
   rcoulomb-switch                = 0
   rcoulomb                       = 1
   epsilon-r                      = 1
   epsilon-rf                     = inf
   vdw-type                       = Cut-off
   vdw-modifier                   = Potential-shift
   rvdw-switch                    = 0
   rvdw                           = 1
   DispCorr                       = EnerPres
   table-extension                = 1
   fourierspacing                 = 0.16
   fourier-nx                     = 44
   fourier-ny                     = 44
   fourier-nz                     = 44
   pme-order                      = 4
   ewald-rtol                     = 1e-05
   ewald-rtol-lj                  = 0.001
   lj-pme-comb-rule               = Geometric
   ewald-geometry                 = 0
   epsilon-surface                = 0
   tcoupl                         = V-rescale
   nsttcouple                     = 10
   nh-chain-length                = 0
   print-nose-hoover-chain-variables = false
   pcoupl                         = No
   pcoupltype                     = Isotropic
   nstpcouple                     = -1
   tau-p                          = 1
   compressibility (3x3):
      compressibility[    0]={ 0.00000e+00,  0.00000e+00,  0.00000e+00}
      compressibility[    1]={ 0.00000e+00,  0.00000e+00,  0.00000e+00}
      compressibility[    2]={ 0.00000e+00,  0.00000e+00,  0.00000e+00}
   ref-p (3x3):
      ref-p[    0]={ 0.00000e+00,  0.00000e+00,  0.00000e+00}
      ref-p[    1]={ 0.00000e+00,  0.00000e+00,  0.00000e+00}
      ref-p[    2]={ 0.00000e+00,  0.00000e+00,  0.00000e+00}
   refcoord-scaling               = No
   posres-com (3):
      posres-com[0]= 0.00000e+00
      posres-com[1]= 0.00000e+00
      posres-com[2]= 0.00000e+00
   posres-comB (3):
      posres-comB[0]= 0.00000e+00
      posres-comB[1]= 0.00000e+00
      posres-comB[2]= 0.00000e+00
   QMMM                           = false
   QMconstraints                  = 0
   QMMMscheme                     = 0
   MMChargeScaleFactor            = 1
qm-opts:
   ngQM                           = 0
   constraint-algorithm           = Lincs
   continuation                   = false
   Shake-SOR                      = false
   shake-tol                      = 0.0001
   lincs-order                    = 4
   lincs-iter                     = 1
   lincs-warnangle                = 30
   nwall                          = 0
   wall-type                      = 9-3
   wall-r-linpot                  = -1
   wall-atomtype[0]               = -1
   wall-atomtype[1]               = -1
   wall-density[0]                = 0
   wall-density[1]                = 0
   wall-ewald-zfac                = 3
   pull                           = false
   awh                            = false
   rotation                       = false
   interactiveMD                  = false
   disre                          = No
   disre-weighting                = Conservative
   disre-mixed                    = false
   dr-fc                          = 1000
   dr-tau                         = 0
   nstdisreout                    = 100
   orire-fc                       = 0
   orire-tau                      = 0
   nstorireout                    = 100
   free-energy                    = no
   cos-acceleration               = 0
   deform (3x3):
      deform[    0]={ 0.00000e+00,  0.00000e+00,  0.00000e+00}
      deform[    1]={ 0.00000e+00,  0.00000e+00,  0.00000e+00}
      deform[    2]={ 0.00000e+00,  0.00000e+00,  0.00000e+00}
   simulated-tempering            = false
   swapcoords                     = no
   userint1                       = 0
   userint2                       = 0
   userint3                       = 0
   userint4                       = 0
   userreal1                      = 0
   userreal2                      = 0
   userreal3                      = 0
   userreal4                      = 0
   applied-forces:
     electric-field:
       x:
         E0                       = 0
         omega                    = 0
         t0                       = 0
         sigma                    = 0
       y:
         E0                       = 0
         omega                    = 0
         t0                       = 0
         sigma                    = 0
       z:
         E0                       = 0
         omega                    = 0
         t0                       = 0
         sigma                    = 0
     density-guided-simulation:
       active                     = false
       group                      = protein
       similarity-measure         = inner-product
       atom-spreading-weight      = unity
       force-constant             = 1e+09
       gaussian-transform-spreading-width = 0.2
       gaussian-transform-spreading-range-in-multiples-of-width = 4
       reference-density-filename = reference.mrc
       nst                        = 1
       normalize-densities        = true
       adaptive-force-scaling     = false
       adaptive-force-scaling-time-constant = 4
grpopts:
   nrdf:     4920.79     63837.2
   ref-t:         300         300
   tau-t:         0.1         0.1
annealing:          No          No
annealing-npoints:           0           0
   acc:	           0           0           0
   nfreeze:           N           N           N
   energygrp-flags[  0]: 0

Changing nstlist from 10 to 50, rlist from 1 to 1.115

Using 1 MPI process

Non-default thread affinity set, disabling internal thread affinity
System total charge: -0.000
Will do PME sum in reciprocal space for electrostatic interactions.

++++ PLEASE READ AND CITE THE FOLLOWING REFERENCE ++++
U. Essmann, L. Perera, M. L. Berkowitz, T. Darden, H. Lee and L. G. Pedersen 
A smooth particle mesh Ewald method
J. Chem. Phys. 103 (1995) pp. 8577-8592
-------- -------- --- Thank You --- -------- --------

Using a Gaussian width (1/beta) of 0.320163 nm for Ewald
Potential shift: LJ r^-12: -1.000e+00 r^-6: -1.000e+00, Ewald -1.000e-05
Initialized non-bonded Ewald tables, spacing: 9.33e-04 size: 1073

Generated table with 1057 data points for 1-4 COUL.
Tabscale = 500 points/nm
Generated table with 1057 data points for 1-4 LJ6.
Tabscale = 500 points/nm
Generated table with 1057 data points for 1-4 LJ12.
Tabscale = 500 points/nm

Using SIMD 4x8 nonbonded short-range kernels

Using a dual 4x8 pair-list setup updated with dynamic pruning:
  outer list: updated every 50 steps, buffer 0.115 nm, rlist 1.115 nm
  inner list: updated every 12 steps, buffer 0.002 nm, rlist 1.002 nm
At tolerance 0.005 kJ/mol/ps per atom, equivalent classical 1x1 list would be:
  outer list: updated every 50 steps, buffer 0.243 nm, rlist 1.243 nm
  inner list: updated every 12 steps, buffer 0.047 nm, rlist 1.047 nm

Using geometric Lennard-Jones combination rule

Long Range LJ corr.: <C6> 3.1923e-04

Removing pbc first time

Initializing LINear Constraint Solver

++++ PLEASE READ AND CITE THE FOLLOWING REFERENCE ++++
B. Hess and H. Bekker and H. J. C. Berendsen and J. G. E. M. Fraaije
LINCS: A Linear Constraint Solver for molecular simulations
J. Comp. Chem. 18 (1997) pp. 1463-1472
-------- -------- --- Thank You --- -------- --------

The number of constraints is 959

++++ PLEASE READ AND CITE THE FOLLOWING REFERENCE ++++
S. Miyamoto and P. A. Kollman
SETTLE: An Analytical Version of the SHAKE and RATTLE Algorithms for Rigid
Water Models
J. Comp. Chem. 13 (1992) pp. 952-962
-------- -------- --- Thank You --- -------- --------


++++ PLEASE READ AND CITE THE FOLLOWING REFERENCE ++++
G. Bussi, D. Donadio and M. Parrinello
Canonical sampling through velocity rescaling
J. Chem. Phys. 126 (2007) pp. 014101
-------- -------- --- Thank You --- -------- --------

There are: 33876 Atoms

Constraining the starting coordinates (step 0)

Constraining the coordinates at t0-dt (step 0)
Center of mass motion removal mode is Linear
We have the following groups for center of mass motion removal:
  0:  rest
RMS relative constraint deviation after constraining: 2.71e-06
Initial temperature: 300.105 K

Started mdrun on rank 0 Mon Oct  2 16:06:08 2023

           Step           Time
              0        0.00000

   Energies (kJ/mol)
           Bond          Angle    Proper Dih. Ryckaert-Bell.          LJ-14
    2.17783e+02    9.54444e+02    7.11688e+01    1.43186e+03    2.51155e+03
     Coulomb-14        LJ (SR)  Disper. corr.   Coulomb (SR)   Coul. recip.
    7.78347e+03    8.73733e+04   -4.44920e+03   -6.89385e+05    2.86087e+03
 Position Rest.      Potential    Kinetic En.   Total Energy  Conserved En.
    1.30256e-03   -5.90630e+05    8.58038e+04   -5.04826e+05   -5.04826e+05
    Temperature Pres. DC (bar) Pressure (bar)   Constr. rmsd
    3.00178e+02   -2.14729e+02   -5.47645e+03    2.62212e-06

           Step           Time
            500        1.00000

   Energies (kJ/mol)
           Bond          Angle    Proper Dih. Ryckaert-Bell.          LJ-14
    1.41877e+03    3.63497e+03    2.66701e+02    1.98298e+03    2.63567e+03
     Coulomb-14        LJ (SR)  Disper. corr.   Coulomb (SR)   Coul. recip.
    7.76377e+03    9.29149e+04   -4.44920e+03   -6.28590e+05    3.08431e+03
 Position Rest.      Potential    Kinetic En.   Total Energy  Conserved En.
    5.14824e+02   -5.18822e+05    8.60422e+04   -4.32780e+05   -5.03987e+05
    Temperature Pres. DC (bar) Pressure (bar)   Constr. rmsd
    3.01012e+02   -2.14729e+02   -8.86812e+00    2.95814e-06

           Step           Time
           1000        2.00000

   Energies (kJ/mol)
           Bond          Angle    Proper Dih. Ryckaert-Bell.          LJ-14
    1.40208e+03    3.58486e+03    2.46398e+02    1.93242e+03    2.79315e+03
     Coulomb-14        LJ (SR)  Disper. corr.   Coulomb (SR)   Coul. recip.
    7.76733e+03    9.21788e+04   -4.44920e+03   -6.28713e+05    3.00961e+03
 Position Rest.      Potential    Kinetic En.   Total Energy  Conserved En.
    5.77972e+02   -5.19669e+05    8.62161e+04   -4.33453e+05   -5.03967e+05
    Temperature Pres. DC (bar) Pressure (bar)   Constr. rmsd
    3.01621e+02   -2.14729e+02   -2.63674e+02    2.47390e-06

           Step           Time
           1500        3.00000

   Energies (kJ/mol)
           Bond          Angle    Proper Dih. Ryckaert-Bell.          LJ-14
    1.38257e+03    3.77007e+03    2.47803e+02    1.94474e+03    2.68024e+03
     Coulomb-14        LJ (SR)  Disper. corr.   Coulomb (SR)   Coul. recip.
    7.72259e+03    9.13743e+04   -4.44920e+03   -6.28937e+05    3.04646e+03
 Position Rest.      Potential    Kinetic En.   Total Energy  Conserved En.
    5.78694e+02   -5.20639e+05    8.57966e+04   -4.34842e+05   -5.03946e+05
    Temperature Pres. DC (bar) Pressure (bar)   Constr. rmsd
    3.00153e+02   -2.14729e+02   -6.28779e+02    2.49878e-06

           Step           Time
           2000        4.00000

   Energies (kJ/mol)
           Bond          Angle    Proper Dih. Ryckaert-Bell.          LJ-14
    1.39283e+03    3.69401e+03    2.70733e+02    1.86100e+03    2.65897e+03
     Coulomb-14        LJ (SR)  Disper. corr.   Coulomb (SR)   Coul. recip.
    7.76230e+03    9.08130e+04   -4.44920e+03   -6.28551e+05    3.00503e+03
 Position Rest.      Potential    Kinetic En.   Total Energy  Conserved En.
    5.07434e+02   -5.21035e+05    8.63305e+04   -4.34705e+05   -5.03968e+05
    Temperature Pres. DC (bar) Pressure (bar)   Constr. rmsd
    3.02021e+02   -2.14729e+02   -5.38589e+02    2.87837e-06

           Step           Time
           2500        5.00000

   Energies (kJ/mol)
           Bond          Angle    Proper Dih. Ryckaert-Bell.          LJ-14
    1.55306e+03    3.74898e+03    2.41655e+02    1.82466e+03    2.65965e+03
     Coulomb-14        LJ (SR)  Disper. corr.   Coulomb (SR)   Coul. recip.
    7.65230e+03    9.12122e+04   -4.44920e+03   -6.29090e+05    3.12167e+03
 Position Rest.      Potential    Kinetic En.   Total Energy  Conserved En.
    5.41922e+02   -5.20983e+05    8.49378e+04   -4.36046e+05   -5.03936e+05
    Temperature Pres. DC (bar) Pressure (bar)   Constr. rmsd
    2.97149e+02   -2.14729e+02   -7.16389e+02    2.61150e-06

           Step           Time
           3000        6.00000

   Energies (kJ/mol)
           Bond          Angle    Proper Dih. Ryckaert-Bell.          LJ-14
    1.43854e+03    3.74158e+03    2.77977e+02    1.92066e+03    2.67622e+03
     Coulomb-14        LJ (SR)  Disper. corr.   Coulomb (SR)   Coul. recip.
    7.68651e+03    9.12379e+04   -4.44920e+03   -6.29297e+05    3.05151e+03
 Position Rest.      Potential    Kinetic En.   Total Energy  Conserved En.
    4.93625e+02   -5.21222e+05    8.51900e+04   -4.36032e+05   -5.03941e+05
    Temperature Pres. DC (bar) Pressure (bar)   Constr. rmsd
    2.98031e+02   -2.14729e+02   -7.92128e+02    2.99336e-06

           Step           Time
           3500        7.00000

   Energies (kJ/mol)
           Bond          Angle    Proper Dih. Ryckaert-Bell.          LJ-14
    1.46534e+03    3.82995e+03    2.31617e+02    1.80436e+03    2.68111e+03
     Coulomb-14        LJ (SR)  Disper. corr.   Coulomb (SR)   Coul. recip.
    7.74943e+03    9.31787e+04   -4.44920e+03   -6.31582e+05    3.02709e+03
 Position Rest.      Potential    Kinetic En.   Total Energy  Conserved En.
    5.40402e+02   -5.21523e+05    8.67128e+04   -4.34810e+05   -5.03952e+05
    Temperature Pres. DC (bar) Pressure (bar)   Constr. rmsd
    3.03358e+02   -2.14729e+02   -1.70202e+02    3.01672e-06

           Step           Time
           4000        8.00000

   Energies (kJ/mol)
           Bond          Angle    Proper Dih. Ryckaert-Bell.          LJ-14
    1.49230e+03    3.80896e+03    2.56238e+02    1.90768e+03    2.71015e+03
     Coulomb-14        LJ (SR)  Disper. corr.   Coulomb (SR)   Coul. recip.
    7.83938e+03    9.06228e+04   -4.44920e+03   -6.28656e+05    3.00360e+03
 Position Rest.      Potential    Kinetic En.   Total Energy  Conserved En.
    5.09082e+02   -5.20955e+05    8.59641e+04   -4.34990e+05   -5.03952e+05
    Temperature Pres. DC (bar) Pressure (bar)   Constr. rmsd
    3.00739e+02   -2.14729e+02   -6.11985e+02    3.33856e-06

           Step           Time
           4500        9.00000

   Energies (kJ/mol)
           Bond          Angle    Proper Dih. Ryckaert-Bell.          LJ-14
    1.49401e+03    3.70012e+03    2.39876e+02    1.87899e+03    2.70904e+03
     Coulomb-14        LJ (SR)  Disper. corr.   Coulomb (SR)   Coul. recip.
    7.73728e+03    9.14653e+04   -4.44920e+03   -6.29966e+05    3.03392e+03
 Position Rest.      Potential    Kinetic En.   Total Energy  Conserved En.
    4.74564e+02   -5.21682e+05    8.58480e+04   -4.35834e+05   -5.03941e+05
    Temperature Pres. DC (bar) Pressure (bar)   Constr. rmsd
    3.00333e+02   -2.14729e+02   -5.32254e+02    2.78957e-06

           Step           Time
           5000       10.00000

   Energies (kJ/mol)
           Bond          Angle    Proper Dih. Ryckaert-Bell.          LJ-14
    1.45776e+03    3.65421e+03    2.31201e+02    1.90007e+03    2.72734e+03
     Coulomb-14        LJ (SR)  Disper. corr.   Coulomb (SR)   Coul. recip.
    7.77429e+03    9.14968e+04   -4.44920e+03   -6.30528e+05    2.91997e+03
 Position Rest.      Potential    Kinetic En.   Total Energy  Conserved En.
    5.28147e+02   -5.22288e+05    8.58045e+04   -4.36483e+05   -5.03964e+05
    Temperature Pres. DC (bar) Pressure (bar)   Constr. rmsd
    3.00181e+02   -2.14729e+02   -2.20211e+02    3.02484e-06

           Step           Time
           5500       11.00000

   Energies (kJ/mol)
           Bond          Angle    Proper Dih. Ryckaert-Bell.          LJ-14
    1.49007e+03    3.66518e+03    2.61272e+02    1.85967e+03    2.73938e+03
     Coulomb-14        LJ (SR)  Disper. corr.   Coulomb (SR)   Coul. recip.
    7.76415e+03    9.21817e+04   -4.44920e+03   -6.32237e+05    2.97657e+03
 Position Rest.      Potential    Kinetic En.   Total Energy  Conserved En.
    5.17467e+02   -5.23231e+05    8.62091e+04   -4.37022e+05   -5.03943e+05
    Temperature Pres. DC (bar) Pressure (bar)   Constr. rmsd
    3.01596e+02   -2.14729e+02   -4.88404e+02    2.95149e-06

           Step           Time
           6000       12.00000

   Energies (kJ/mol)
           Bond          Angle    Proper Dih. Ryckaert-Bell.          LJ-14
    1.47927e+03    3.86581e+03    2.55818e+02    1.80321e+03    2.72860e+03
     Coulomb-14        LJ (SR)  Disper. corr.   Coulomb (SR)   Coul. recip.
    7.78260e+03    9.11853e+04   -4.44920e+03   -6.29607e+05    3.00905e+03
 Position Rest.      Potential    Kinetic En.   Total Energy  Conserved En.
    5.19376e+02   -5.21427e+05    8.65079e+04   -4.34919e+05   -5.03927e+05
    Temperature Pres. DC (bar) Pressure (bar)   Constr. rmsd
    3.02642e+02   -2.14729e+02   -7.99484e+02    2.79293e-06

           Step           Time
           6500       13.00000

   Energies (kJ/mol)
           Bond          Angle    Proper Dih. Ryckaert-Bell.          LJ-14
    1.43313e+03    3.66467e+03    2.35014e+02    1.72905e+03    2.67375e+03
     Coulomb-14        LJ (SR)  Disper. corr.   Coulomb (SR)   Coul. recip.
    7.71905e+03    9.22180e+04   -4.44920e+03   -6.31508e+05    2.95986e+03
 Position Rest.      Potential    Kinetic En.   Total Energy  Conserved En.
    5.09867e+02   -5.22815e+05    8.52054e+04   -4.37609e+05   -5.03952e+05
    Temperature Pres. DC (bar) Pressure (bar)   Constr. rmsd
    2.98085e+02   -2.14729e+02   -4.91327e+02    2.77579e-06

           Step           Time
           7000       14.00000

   Energies (kJ/mol)
           Bond          Angle    Proper Dih. Ryckaert-Bell.          LJ-14
    1.41346e+03    3.86459e+03    2.35077e+02    1.80473e+03    2.79643e+03
     Coulomb-14        LJ (SR)  Disper. corr.   Coulomb (SR)   Coul. recip.
    7.66039e+03    9.27091e+04   -4.44920e+03   -6.32517e+05    2.94809e+03
 Position Rest.      Potential    Kinetic En.   Total Energy  Conserved En.
    5.50552e+02   -5.22984e+05    8.56930e+04   -4.37291e+05   -5.03952e+05
    Temperature Pres. DC (bar) Pressure (bar)   Constr. rmsd
    2.99791e+02   -2.14729e+02   -2.21619e+02    2.83193e-06

           Step           Time
           7500       15.00000

   Energies (kJ/mol)
           Bond          Angle    Proper Dih. Ryckaert-Bell.          LJ-14
    1.45915e+03    3.70533e+03    2.59903e+02    1.86516e+03    2.65189e+03
     Coulomb-14        LJ (SR)  Disper. corr.   Coulomb (SR)   Coul. recip.
    7.68439e+03    9.22528e+04   -4.44920e+03   -6.31618e+05    3.00468e+03
 Position Rest.      Potential    Kinetic En.   Total Energy  Conserved En.
    4.99686e+02   -5.22684e+05    8.63514e+04   -4.36333e+05   -5.03942e+05
    Temperature Pres. DC (bar) Pressure (bar)   Constr. rmsd
    3.02094e+02   -2.14729e+02   -3.63068e+02    3.16805e-06

           Step           Time
           8000       16.00000

   Energies (kJ/mol)
           Bond          Angle    Proper Dih. Ryckaert-Bell.          LJ-14
    1.45794e+03    3.64663e+03    2.52475e+02    1.82356e+03    2.64281e+03
     Coulomb-14        LJ (SR)  Disper. corr.   Coulomb (SR)   Coul. recip.
    7.60791e+03    9.22471e+04   -4.44920e+03   -6.31860e+05    3.01376e+03
 Position Rest.      Potential    Kinetic En.   Total Energy  Conserved En.
    5.87520e+02   -5.23030e+05    8.53148e+04   -4.37715e+05   -5.03942e+05
    Temperature Pres. DC (bar) Pressure (bar)   Constr. rmsd
    2.98467e+02   -2.14729e+02   -6.61537e+02    3.03008e-06

           Step           Time
           8500       17.00000

   Energies (kJ/mol)
           Bond          Angle    Proper Dih. Ryckaert-Bell.          LJ-14
    1.49901e+03    3.63438e+03    2.50018e+02    1.88163e+03    2.69744e+03
     Coulomb-14        LJ (SR)  Disper. corr.   Coulomb (SR)   Coul. recip.
    7.61248e+03    9.18523e+04   -4.44920e+03   -6.31392e+05    3.00017e+03
 Position Rest.      Potential    Kinetic En.   Total Energy  Conserved En.
    5.20370e+02   -5.22893e+05    8.57342e+04   -4.37159e+05   -5.03954e+05
    Temperature Pres. DC (bar) Pressure (bar)   Constr. rmsd
    2.99935e+02   -2.14729e+02   -5.28766e+02    2.63550e-06

           Step           Time
           9000       18.00000

   Energies (kJ/mol)
           Bond          Angle    Proper Dih. Ryckaert-Bell.          LJ-14
    1.52240e+03    3.72804e+03    2.37018e+02    1.80896e+03    2.65233e+03
     Coulomb-14        LJ (SR)  Disper. corr.   Coulomb (SR)   Coul. recip.
    7.74880e+03    9.27085e+04   -4.44920e+03   -6.31339e+05    2.93069e+03
 Position Rest.      Potential    Kinetic En.   Total Energy  Conserved En.
    4.99240e+02   -5.21952e+05    8.56831e+04   -4.36269e+05   -5.03955e+05
    Temperature Pres. DC (bar) Pressure (bar)   Constr. rmsd
    2.99756e+02   -2.14729e+02   -5.12644e+02    2.79244e-06

           Step           Time
           9500       19.00000

   Energies (kJ/mol)
           Bond          Angle    Proper Dih. Ryckaert-Bell.          LJ-14
    1.39212e+03    3.67205e+03    2.37152e+02    1.82460e+03    2.61596e+03
     Coulomb-14        LJ (SR)  Disper. corr.   Coulomb (SR)   Coul. recip.
    7.70083e+03    9.26087e+04   -4.44920e+03   -6.32132e+05    3.01520e+03
 Position Rest.      Potential    Kinetic En.   Total Energy  Conserved En.
    5.51539e+02   -5.22963e+05    8.52617e+04   -4.37701e+05   -5.03962e+05
    Temperature Pres. DC (bar) Pressure (bar)   Constr. rmsd
    2.98282e+02   -2.14729e+02   -5.93499e+02    2.83579e-06

           Step           Time
          10000       20.00000

   Energies (kJ/mol)
           Bond          Angle    Proper Dih. Ryckaert-Bell.          LJ-14
    1.67881e+03    3.66083e+03    2.55040e+02    1.78695e+03    2.62156e+03
     Coulomb-14        LJ (SR)  Disper. corr.   Coulomb (SR)   Coul. recip.
    7.57426e+03    9.25112e+04   -4.44920e+03   -6.30392e+05    3.04840e+03
 Position Rest.      Potential    Kinetic En.   Total Energy  Conserved En.
    5.47473e+02   -5.21157e+05    8.45338e+04   -4.36623e+05   -5.03929e+05
    Temperature Pres. DC (bar) Pressure (bar)   Constr. rmsd
    2.95735e+02   -2.14729e+02   -3.89706e+02    2.73810e-06

           Step           Time
          10500       21.00000

   Energies (kJ/mol)
           Bond          Angle    Proper Dih. Ryckaert-Bell.          LJ-14
    1.53356e+03    3.79250e+03    2.49788e+02    1.82184e+03    2.66656e+03
     Coulomb-14        LJ (SR)  Disper. corr.   Coulomb (SR)   Coul. recip.
    7.77015e+03    9.22271e+04   -4.44920e+03   -6.31359e+05    3.00276e+03
 Position Rest.      Potential    Kinetic En.   Total Energy  Conserved En.
    5.06351e+02   -5.22238e+05    8.61950e+04   -4.36043e+05   -5.03966e+05
    Temperature Pres. DC (bar) Pressure (bar)   Constr. rmsd
    3.01547e+02   -2.14729e+02   -4.55752e+02    2.84645e-06

           Step           Time
          11000       22.00000

   Energies (kJ/mol)
           Bond          Angle    Proper Dih. Ryckaert-Bell.          LJ-14
    1.52808e+03    3.78531e+03    2.26815e+02    1.78383e+03    2.62663e+03
     Coulomb-14        LJ (SR)  Disper. corr.   Coulomb (SR)   Coul. recip.
    7.73382e+03    9.22071e+04   -4.44920e+03   -6.30866e+05    3.06195e+03
 Position Rest.      Potential    Kinetic En.   Total Energy  Conserved En.
    5.19254e+02   -5.21842e+05    8.55873e+04   -4.36255e+05   -5.03941e+05
    Temperature Pres. DC (bar) Pressure (bar)   Constr. rmsd
    2.99421e+02   -2.14729e+02   -4.73156e+02    2.80351e-06

           Step           Time
          11500       23.00000

   Energies (kJ/mol)
           Bond          Angle    Proper Dih. Ryckaert-Bell.          LJ-14
    1.50875e+03    3.82314e+03    2.46491e+02    1.72194e+03    2.73912e+03
     Coulomb-14        LJ (SR)  Disper. corr.   Coulomb (SR)   Coul. recip.
    7.74150e+03    9.24293e+04   -4.44920e+03   -6.32286e+05    2.96123e+03
 Position Rest.      Potential    Kinetic En.   Total Energy  Conserved En.
    5.28856e+02   -5.23035e+05    8.64497e+04   -4.36585e+05   -5.03951e+05
    Temperature Pres. DC (bar) Pressure (bar)   Constr. rmsd
    3.02438e+02   -2.14729e+02   -5.71599e+02    2.71582e-06

           Step           Time
          12000       24.00000

   Energies (kJ/mol)
           Bond          Angle    Proper Dih. Ryckaert-Bell.          LJ-14
    1.48665e+03    3.65695e+03    2.37185e+02    1.73914e+03    2.74729e+03
     Coulomb-14        LJ (SR)  Disper. corr.   Coulomb (SR)   Coul. recip.
    7.80495e+03    9.21455e+04   -4.44920e+03   -6.32765e+05    3.06797e+03
 Position Rest.      Potential    Kinetic En.   Total Energy  Conserved En.
    5.76140e+02   -5.23752e+05    8.55930e+04   -4.38159e+05   -5.03959e+05
    Temperature Pres. DC (bar) Pressure (bar)   Constr. rmsd
    2.99441e+02   -2.14729e+02   -2.91573e+02    3.12495e-06

           Step           Time
          12500       25.00000

   Energies (kJ/mol)
           Bond          Angle    Proper Dih. Ryckaert-Bell.          LJ-14
    1.49607e+03    3.80106e+03    2.34225e+02    1.74882e+03    2.68962e+03
     Coulomb-14        LJ (SR)  Disper. corr.   Coulomb (SR)   Coul. recip.
    7.71444e+03    9.13657e+04   -4.44920e+03   -6.30534e+05    3.03175e+03
 Position Rest.      Potential    Kinetic En.   Total Energy  Conserved En.
    5.03869e+02   -5.22397e+05    8.63148e+04   -4.36083e+05   -5.03950e+05
    Temperature Pres. DC (bar) Pressure (bar)   Constr. rmsd
    3.01966e+02   -2.14729e+02   -6.02862e+02    2.79331e-06

           Step           Time
          13000       26.00000

   Energies (kJ/mol)
           Bond          Angle    Proper Dih. Ryckaert-Bell.          LJ-14
    1.60752e+03    3.59457e+03    2.41887e+02    1.87346e+03    2.74244e+03
     Coulomb-14        LJ (SR)  Disper. corr.   Coulomb (SR)   Coul. recip.
    7.80757e+03    9.23916e+04   -4.44920e+03   -6.30635e+05    2.98078e+03
 Position Rest.      Potential    Kinetic En.   Total Energy  Conserved En.
    5.11389e+02   -5.21334e+05    8.54914e+04   -4.35842e+05   -5.03958e+05
    Temperature Pres. DC (bar) Pressure (bar)   Constr. rmsd
    2.99085e+02   -2.14729e+02   -4.01657e+02    2.67034e-06

           Step           Time
          13500       27.00000

   Energies (kJ/mol)
           Bond          Angle    Proper Dih. Ryckaert-Bell.          LJ-14
    1.48571e+03    3.86671e+03    2.36803e+02    1.87319e+03    2.69319e+03
     Coulomb-14        LJ (SR)  Disper. corr.   Coulomb (SR)   Coul. recip.
    7.78621e+03    9.23475e+04   -4.44920e+03   -6.31467e+05    3.03923e+03
 Position Rest.      Potential    Kinetic En.   Total Energy  Conserved En.
    5.06413e+02   -5.22081e+05    8.69189e+04   -4.35162e+05   -5.03956e+05
    Temperature Pres. DC (bar) Pressure (bar)   Constr. rmsd
    3.04079e+02   -2.14729e+02   -4.35893e+02    3.01401e-06

           Step           Time
          14000       28.00000

   Energies (kJ/mol)
           Bond          Angle    Proper Dih. Ryckaert-Bell.          LJ-14
    1.45570e+03    3.51191e+03    2.14133e+02    1.84202e+03    2.70345e+03
     Coulomb-14        LJ (SR)  Disper. corr.   Coulomb (SR)   Coul. recip.
    7.83122e+03    9.20225e+04   -4.44920e+03   -6.31262e+05    2.99974e+03
 Position Rest.      Potential    Kinetic En.   Total Energy  Conserved En.
    5.42323e+02   -5.22588e+05    8.57050e+04   -4.36883e+05   -5.03985e+05
    Temperature Pres. DC (bar) Pressure (bar)   Constr. rmsd
    2.99833e+02   -2.14729e+02   -6.30929e+02    2.94150e-06

           Step           Time
          14500       29.00000

   Energies (kJ/mol)
           Bond          Angle    Proper Dih. Ryckaert-Bell.          LJ-14
    1.52253e+03    3.72872e+03    2.35175e+02    1.86074e+03    2.71269e+03
     Coulomb-14        LJ (SR)  Disper. corr.   Coulomb (SR)   Coul. recip.
    7.77615e+03    9.26059e+04   -4.44920e+03   -6.30721e+05    2.95071e+03
 Position Rest.      Potential    Kinetic En.   Total Energy  Conserved En.
    5.20184e+02   -5.21257e+05    8.59238e+04   -4.35334e+05   -5.03960e+05
    Temperature Pres. DC (bar) Pressure (bar)   Constr. rmsd
    3.00598e+02   -2.14729e+02   -4.80859e+02    2.87819e-06

           Step           Time
          15000       30.00000

   Energies (kJ/mol)
           Bond          Angle    Proper Dih. Ryckaert-Bell.          LJ-14
    1.47376e+03    3.66733e+03    2.47348e+02    1.83642e+03    2.66758e+03
     Coulomb-14        LJ (SR)  Disper. corr.   Coulomb (SR)   Coul. recip.
    7.59702e+03    9.12317e+04   -4.44920e+03   -6.29006e+05    3.03712e+03
 Position Rest.      Potential    Kinetic En.   Total Energy  Conserved En.
    5.44775e+02   -5.21152e+05    8.61166e+04   -4.35035e+05   -5.03966e+05
    Temperature Pres. DC (bar) Pressure (bar)   Constr. rmsd
    3.01272e+02   -2.14729e+02   -4.47570e+02    3.32904e-06

           Step           Time
          15500       31.00000

   Energies (kJ/mol)
           Bond          Angle    Proper Dih. Ryckaert-Bell.          LJ-14
    1.42820e+03    3.74038e+03    2.46564e+02    1.83171e+03    2.70950e+03
     Coulomb-14        LJ (SR)  Disper. corr.   Coulomb (SR)   Coul. recip.
    7.73268e+03    9.19833e+04   -4.44920e+03   -6.31072e+05    3.00055e+03
 Position Rest.      Potential    Kinetic En.   Total Energy  Conserved En.
    5.46078e+02   -5.22302e+05    8.56579e+04   -4.36644e+05   -5.03973e+05
    Temperature Pres. DC (bar) Pressure (bar)   Constr. rmsd
    2.99668e+02   -2.14729e+02   -9.53923e+02    2.65089e-06

           Step           Time
          16000       32.00000

   Energies (kJ/mol)
           Bond          Angle    Proper Dih. Ryckaert-Bell.          LJ-14
    1.42526e+03    3.71177e+03    2.46041e+02    1.85358e+03    2.66927e+03
     Coulomb-14        LJ (SR)  Disper. corr.   Coulomb (SR)   Coul. recip.
    7.77099e+03    9.01998e+04   -4.44920e+03   -6.28776e+05    3.05470e+03
 Position Rest.      Potential    Kinetic En.   Total Energy  Conserved En.
    5.35618e+02   -5.21759e+05    8.54077e+04   -4.36351e+05   -5.03966e+05
    Temperature Pres. DC (bar) Pressure (bar)   Constr. rmsd
    2.98792e+02   -2.14729e+02   -6.83571e+02    2.90278e-06

           Step           Time
          16500       33.00000

   Energies (kJ/mol)
           Bond          Angle    Proper Dih. Ryckaert-Bell.          LJ-14
    1.48575e+03    3.80147e+03    2.31341e+02    1.83385e+03    2.66013e+03
     Coulomb-14        LJ (SR)  Disper. corr.   Coulomb (SR)   Coul. recip.
    7.74316e+03    9.10710e+04   -4.44920e+03   -6.28242e+05    3.05908e+03
 Position Rest.      Potential    Kinetic En.   Total Energy  Conserved En.
    5.53304e+02   -5.20252e+05    8.65344e+04   -4.33718e+05   -5.03973e+05
    Temperature Pres. DC (bar) Pressure (bar)   Constr. rmsd
    3.02734e+02   -2.14729e+02   -6.95943e+02    2.98261e-06

           Step           Time
          17000       34.00000

   Energies (kJ/mol)
           Bond          Angle    Proper Dih. Ryckaert-Bell.          LJ-14
    1.48247e+03    3.76243e+03    2.41940e+02    1.80389e+03    2.75304e+03
     Coulomb-14        LJ (SR)  Disper. corr.   Coulomb (SR)   Coul. recip.
    7.69057e+03    9.07852e+04   -4.44920e+03   -6.30081e+05    3.00056e+03
 Position Rest.      Potential    Kinetic En.   Total Energy  Conserved En.
    4.89480e+02   -5.22521e+05    8.50959e+04   -4.37425e+05   -5.03959e+05
    Temperature Pres. DC (bar) Pressure (bar)   Constr. rmsd
    2.97702e+02   -2.14729e+02   -8.15451e+02    2.97311e-06

           Step           Time
          17500       35.00000

   Energies (kJ/mol)
           Bond          Angle    Proper Dih. Ryckaert-Bell.          LJ-14
    1.47077e+03    3.69248e+03    2.33130e+02    1.91429e+03    2.72634e+03
     Coulomb-14        LJ (SR)  Disper. corr.   Coulomb (SR)   Coul. recip.
    7.77987e+03    9.07071e+04   -4.44920e+03   -6.29305e+05    3.01897e+03
 Position Rest.      Potential    Kinetic En.   Total Energy  Conserved En.
    4.91497e+02   -5.21720e+05    8.52253e+04   -4.36495e+05   -5.03949e+05
    Temperature Pres. DC (bar) Pressure (bar)   Constr. rmsd
    2.98154e+02   -2.14729e+02   -1.04113e+03    2.85085e-06

           Step           Time
          18000       36.00000

   Energies (kJ/mol)
           Bond          Angle    Proper Dih. Ryckaert-Bell.          LJ-14
    1.63044e+03    3.58933e+03    2.37195e+02    1.88080e+03    2.62663e+03
     Coulomb-14        LJ (SR)  Disper. corr.   Coulomb (SR)   Coul. recip.
    7.73732e+03    9.27920e+04   -4.44920e+03   -6.32462e+05    2.99848e+03
 Position Rest.      Potential    Kinetic En.   Total Energy  Conserved En.
    4.92753e+02   -5.22926e+05    8.58379e+04   -4.37088e+05   -5.03958e+05
    Temperature Pres. DC (bar) Pressure (bar)   Constr. rmsd
    3.00298e+02   -2.14729e+02   -7.74323e+02    3.05112e-06

           Step           Time
          18500       37.00000

   Energies (kJ/mol)
           Bond          Angle    Proper Dih. Ryckaert-Bell.          LJ-14
    1.36712e+03    3.76743e+03    2.75134e+02    1.88074e+03    2.73098e+03
     Coulomb-14        LJ (SR)  Disper. corr.   Coulomb (SR)   Coul. recip.
    7.74651e+03    9.20335e+04   -4.44920e+03   -6.31745e+05    3.06688e+03
 Position Rest.      Potential    Kinetic En.   Total Energy  Conserved En.
    5.01635e+02   -5.22824e+05    8.64186e+04   -4.36405e+05   -5.03963e+05
    Temperature Pres. DC (bar) Pressure (bar)   Constr. rmsd
    3.02329e+02   -2.14729e+02   -2.12877e+02    2.89819e-06

           Step           Time
          19000       38.00000

   Energies (kJ/mol)
           Bond          Angle    Proper Dih. Ryckaert-Bell.          LJ-14
    1.45868e+03    3.65255e+03    2.35533e+02    1.83876e+03    2.68543e+03
     Coulomb-14        LJ (SR)  Disper. corr.   Coulomb (SR)   Coul. recip.
    7.72357e+03    9.10896e+04   -4.44920e+03   -6.30067e+05    3.04824e+03
 Position Rest.      Potential    Kinetic En.   Total Energy  Conserved En.
    4.96683e+02   -5.22287e+05    8.59840e+04   -4.36303e+05   -5.03964e+05
    Temperature Pres. DC (bar) Pressure (bar)   Constr. rmsd
    3.00809e+02   -2.14729e+02   -3.74584e+02    3.10289e-06

           Step           Time
          19500       39.00000

   Energies (kJ/mol)
           Bond          Angle    Proper Dih. Ryckaert-Bell.          LJ-14
    1.57380e+03    3.81420e+03    2.16439e+02    1.81836e+03    2.65854e+03
     Coulomb-14        LJ (SR)  Disper. corr.   Coulomb (SR)   Coul. recip.
    7.79477e+03    9.20199e+04   -4.44920e+03   -6.31183e+05    2.99623e+03
 Position Rest.      Potential    Kinetic En.   Total Energy  Conserved En.
    4.75004e+02   -5.22265e+05    8.53292e+04   -4.36936e+05   -5.03944e+05
    Temperature Pres. DC (bar) Pressure (bar)   Constr. rmsd
    2.98518e+02   -2.14729e+02   -6.84536e+02    2.79614e-06

           Step           Time
          20000       40.00000

   Energies (kJ/mol)
           Bond          Angle    Proper Dih. Ryckaert-Bell.          LJ-14
    1.49552e+03    3.68879e+03    2.42356e+02    1.87481e+03    2.61478e+03
     Coulomb-14        LJ (SR)  Disper. corr.   Coulomb (SR)   Coul. recip.
    7.69646e+03    9.11864e+04   -4.44920e+03   -6.29822e+05    3.05447e+03
 Position Rest.      Potential    Kinetic En.   Total Energy  Conserved En.
    5.40321e+02   -5.21877e+05    8.52677e+04   -4.36609e+05   -5.03960e+05
    Temperature Pres. DC (bar) Pressure (bar)   Constr. rmsd
    2.98303e+02   -2.14729e+02   -1.18931e+03    2.73692e-06

           Step           Time
          20500       41.00000

   Energies (kJ/mol)
           Bond          Angle    Proper Dih. Ryckaert-Bell.          LJ-14
    1.49540e+03    3.71808e+03    2.47985e+02    1.81624e+03    2.69485e+03
     Coulomb-14        LJ (SR)  Disper. corr.   Coulomb (SR)   Coul. recip.
    7.72133e+03    9.18349e+04   -4.44920e+03   -6.30805e+05    2.96773e+03
 Position Rest.      Potential    Kinetic En.   Total Energy  Conserved En.
    4.92397e+02   -5.22265e+05    8.64965e+04   -4.35769e+05   -5.03965e+05
    Temperature Pres. DC (bar) Pressure (bar)   Constr. rmsd
    3.02601e+02   -2.14729e+02   -3.14535e+02    3.04227e-06

           Step           Time
          21000       42.00000

   Energies (kJ/mol)
           Bond          Angle    Proper Dih. Ryckaert-Bell.          LJ-14
    1.35652e+03    3.76516e+03    2.49862e+02    1.88489e+03    2.63271e+03
     Coulomb-14        LJ (SR)  Disper. corr.   Coulomb (SR)   Coul. recip.
    7.64896e+03    9.24491e+04   -4.44920e+03   -6.30633e+05    3.06195e+03
 Position Rest.      Potential    Kinetic En.   Total Energy  Conserved En.
    5.26347e+02   -5.21506e+05    8.61769e+04   -4.35330e+05   -5.03971e+05
    Temperature Pres. DC (bar) Pressure (bar)   Constr. rmsd
    3.01483e+02   -2.14729e+02   -6.54804e+02    3.14357e-06

           Step           Time
          21500       43.00000

   Energies (kJ/mol)
           Bond          Angle    Proper Dih. Ryckaert-Bell.          LJ-14
    1.45231e+03    3.70201e+03    2.20526e+02    1.86259e+03    2.74857e+03
     Coulomb-14        LJ (SR)  Disper. corr.   Coulomb (SR)   Coul. recip.
    7.85028e+03    9.15144e+04   -4.44920e+03   -6.30797e+05    3.08915e+03
 Position Rest.      Potential    Kinetic En.   Total Energy  Conserved En.
    5.10220e+02   -5.22296e+05    8.60251e+04   -4.36271e+05   -5.03965e+05
    Temperature Pres. DC (bar) Pressure (bar)   Constr. rmsd
    3.00953e+02   -2.14729e+02   -5.63396e+02    3.26987e-06

           Step           Time
          22000       44.00000

   Energies (kJ/mol)
           Bond          Angle    Proper Dih. Ryckaert-Bell.          LJ-14
    1.45473e+03    3.73485e+03    2.08511e+02    1.78921e+03    2.73283e+03
     Coulomb-14        LJ (SR)  Disper. corr.   Coulomb (SR)   Coul. recip.
    7.71984e+03    9.18371e+04   -4.44920e+03   -6.30201e+05    3.04327e+03
 Position Rest.      Potential    Kinetic En.   Total Energy  Conserved En.
    5.35188e+02   -5.21595e+05    8.54608e+04   -4.36134e+05   -5.03948e+05
    Temperature Pres. DC (bar) Pressure (bar)   Constr. rmsd
    2.98978e+02   -2.14729e+02   -4.90472e+02    2.83453e-06

           Step           Time
          22500       45.00000

   Energies (kJ/mol)
           Bond          Angle    Proper Dih. Ryckaert-Bell.          LJ-14
    1.43032e+03    3.74307e+03    2.59731e+02    1.89815e+03    2.73190e+03
     Coulomb-14        LJ (SR)  Disper. corr.   Coulomb (SR)   Coul. recip.
    7.78610e+03    9.17073e+04   -4.44920e+03   -6.30471e+05    2.98906e+03
 Position Rest.      Potential    Kinetic En.   Total Energy  Conserved En.
    4.93441e+02   -5.21881e+05    8.57759e+04   -4.36105e+05   -5.03964e+05
    Temperature Pres. DC (bar) Pressure (bar)   Constr. rmsd
    3.00081e+02   -2.14729e+02   -5.27490e+02    3.22103e-06

           Step           Time
          23000       46.00000

   Energies (kJ/mol)
           Bond          Angle    Proper Dih. Ryckaert-Bell.          LJ-14
    1.48001e+03    3.70841e+03    2.44164e+02    1.83275e+03    2.61487e+03
     Coulomb-14        LJ (SR)  Disper. corr.   Coulomb (SR)   Coul. recip.
    7.74020e+03    9.08660e+04   -4.44920e+03   -6.29976e+05    3.09139e+03
 Position Rest.      Potential    Kinetic En.   Total Energy  Conserved En.
    4.45064e+02   -5.22403e+05    8.60461e+04   -4.36357e+05   -5.03954e+05
    Temperature Pres. DC (bar) Pressure (bar)   Constr. rmsd
    3.01026e+02   -2.14729e+02   -2.69046e+02    3.01943e-06

           Step           Time
          23500       47.00000

   Energies (kJ/mol)
           Bond          Angle    Proper Dih. Ryckaert-Bell.          LJ-14
    1.45790e+03    3.82665e+03    2.50620e+02    1.86234e+03    2.71676e+03
     Coulomb-14        LJ (SR)  Disper. corr.   Coulomb (SR)   Coul. recip.
    7.72275e+03    9.17637e+04   -4.44920e+03   -6.30980e+05    2.97099e+03
 Position Rest.      Potential    Kinetic En.   Total Energy  Conserved En.
    4.74907e+02   -5.22383e+05    8.62714e+04   -4.36111e+05   -5.03965e+05
    Temperature Pres. DC (bar) Pressure (bar)   Constr. rmsd
    3.01814e+02   -2.14729e+02   -2.33074e+02    3.14952e-06

           Step           Time
          24000       48.00000

   Energies (kJ/mol)
           Bond          Angle    Proper Dih. Ryckaert-Bell.          LJ-14
    1.43146e+03    3.78543e+03    2.76430e+02    1.79409e+03    2.73800e+03
     Coulomb-14        LJ (SR)  Disper. corr.   Coulomb (SR)   Coul. recip.
    7.70163e+03    9.21779e+04   -4.44920e+03   -6.30587e+05    2.90595e+03
 Position Rest.      Potential    Kinetic En.   Total Energy  Conserved En.
    5.01263e+02   -5.21724e+05    8.65756e+04   -4.35148e+05   -5.03967e+05
    Temperature Pres. DC (bar) Pressure (bar)   Constr. rmsd
    3.02878e+02   -2.14729e+02   -6.62843e+02    3.03339e-06

           Step           Time
          24500       49.00000

   Energies (kJ/mol)
           Bond          Angle    Proper Dih. Ryckaert-Bell.          LJ-14
    1.45622e+03    3.63553e+03    2.72316e+02    1.82145e+03    2.67464e+03
     Coulomb-14        LJ (SR)  Disper. corr.   Coulomb (SR)   Coul. recip.
    7.67608e+03    9.22770e+04   -4.44920e+03   -6.32101e+05    3.00516e+03
 Position Rest.      Potential    Kinetic En.   Total Energy  Conserved En.
    4.77504e+02   -5.23254e+05    8.55542e+04   -4.37700e+05   -5.03959e+05
    Temperature Pres. DC (bar) Pressure (bar)   Constr. rmsd
    2.99305e+02   -2.14729e+02   -3.62251e+02    2.73105e-06

           Step           Time
          25000       50.00000

   Energies (kJ/mol)
           Bond          Angle    Proper Dih. Ryckaert-Bell.          LJ-14
    1.37854e+03    3.76091e+03    2.32622e+02    1.80638e+03    2.71718e+03
     Coulomb-14        LJ (SR)  Disper. corr.   Coulomb (SR)   Coul. recip.
    7.80172e+03    9.23434e+04   -4.44920e+03   -6.32576e+05    2.97952e+03
 Position Rest.      Potential    Kinetic En.   Total Energy  Conserved En.
    5.41985e+02   -5.23463e+05    8.49788e+04   -4.38484e+05   -5.03964e+05
    Temperature Pres. DC (bar) Pressure (bar)   Constr. rmsd
    2.97292e+02   -2.14729e+02   -7.30435e+02    2.73242e-06

           Step           Time
          25500       51.00000

   Energies (kJ/mol)
           Bond          Angle    Proper Dih. Ryckaert-Bell.          LJ-14
    1.45182e+03    3.69921e+03    2.46019e+02    1.89088e+03    2.66152e+03
     Coulomb-14        LJ (SR)  Disper. corr.   Coulomb (SR)   Coul. recip.
    7.79473e+03    9.22634e+04   -4.44920e+03   -6.31947e+05    2.97791e+03
 Position Rest.      Potential    Kinetic En.   Total Energy  Conserved En.
    5.01908e+02   -5.22908e+05    8.55412e+04   -4.37367e+05   -5.03950e+05
    Temperature Pres. DC (bar) Pressure (bar)   Constr. rmsd
    2.99259e+02   -2.14729e+02   -4.12548e+02    3.17065e-06

           Step           Time
          26000       52.00000

   Energies (kJ/mol)
           Bond          Angle    Proper Dih. Ryckaert-Bell.          LJ-14
    1.51504e+03    3.47551e+03    2.56406e+02    1.82094e+03    2.67709e+03
     Coulomb-14        LJ (SR)  Disper. corr.   Coulomb (SR)   Coul. recip.
    7.71054e+03    9.10794e+04   -4.44920e+03   -6.31265e+05    2.93732e+03
 Position Rest.      Potential    Kinetic En.   Total Energy  Conserved En.
    5.37541e+02   -5.23704e+05    8.59675e+04   -4.37737e+05   -5.03974e+05
    Temperature Pres. DC (bar) Pressure (bar)   Constr. rmsd
    3.00751e+02   -2.14729e+02   -8.98261e+02    3.18642e-06

           Step           Time
          26500       53.00000

   Energies (kJ/mol)
           Bond          Angle    Proper Dih. Ryckaert-Bell.          LJ-14
    1.44691e+03    3.65259e+03    2.28160e+02    1.83474e+03    2.70836e+03
     Coulomb-14        LJ (SR)  Disper. corr.   Coulomb (SR)   Coul. recip.
    7.77578e+03    9.30925e+04   -4.44920e+03   -6.32598e+05    2.98961e+03
 Position Rest.      Potential    Kinetic En.   Total Energy  Conserved En.
    5.25273e+02   -5.22793e+05    8.56974e+04   -4.37096e+05   -5.03976e+05
    Temperature Pres. DC (bar) Pressure (bar)   Constr. rmsd
    2.99806e+02   -2.14729e+02    1.94334e+02    3.46404e-06

           Step           Time
          27000       54.00000

   Energies (kJ/mol)
           Bond          Angle    Proper Dih. Ryckaert-Bell.          LJ-14
    1.57327e+03    3.63621e+03    2.51102e+02    1.76609e+03    2.74173e+03
     Coulomb-14        LJ (SR)  Disper. corr.   Coulomb (SR)   Coul. recip.
    7.80032e+03    9.27516e+04   -4.44920e+03   -6.32146e+05    3.05310e+03
 Position Rest.      Potential    Kinetic En.   Total Energy  Conserved En.
    5.61020e+02   -5.22461e+05    8.61369e+04   -4.36324e+05   -5.03967e+05
    Temperature Pres. DC (bar) Pressure (bar)   Constr. rmsd
    3.01344e+02   -2.14729e+02   -3.05563e+02    2.57990e-06

           Step           Time
          27500       55.00000

   Energies (kJ/mol)
           Bond          Angle    Proper Dih. Ryckaert-Bell.          LJ-14
    1.43649e+03    3.57450e+03    2.54417e+02    1.84413e+03    2.78881e+03
     Coulomb-14        LJ (SR)  Disper. corr.   Coulomb (SR)   Coul. recip.
    7.75410e+03    9.32439e+04   -4.44920e+03   -6.33329e+05    3.02836e+03
 Position Rest.      Potential    Kinetic En.   Total Energy  Conserved En.
    4.75252e+02   -5.23378e+05    8.55276e+04   -4.37850e+05   -5.03989e+05
    Temperature Pres. DC (bar) Pressure (bar)   Constr. rmsd
    2.99212e+02   -2.14729e+02   -3.18965e+02    2.71820e-06

           Step           Time
          28000       56.00000

   Energies (kJ/mol)
           Bond          Angle    Proper Dih. Ryckaert-Bell.          LJ-14
    1.29811e+03    3.84794e+03    2.35634e+02    1.78402e+03    2.73452e+03
     Coulomb-14        LJ (SR)  Disper. corr.   Coulomb (SR)   Coul. recip.
    7.80471e+03    9.13431e+04   -4.44920e+03   -6.30890e+05    3.05668e+03
 Position Rest.      Potential    Kinetic En.   Total Energy  Conserved En.
    5.03719e+02   -5.22731e+05    8.60320e+04   -4.36699e+05   -5.03968e+05
    Temperature Pres. DC (bar) Pressure (bar)   Constr. rmsd
    3.00977e+02   -2.14729e+02   -4.56872e+02    3.00267e-06

           Step           Time
          28500       57.00000

   Energies (kJ/mol)
           Bond          Angle    Proper Dih. Ryckaert-Bell.          LJ-14
    1.49225e+03    3.85352e+03    2.42077e+02    1.74679e+03    2.68527e+03
     Coulomb-14        LJ (SR)  Disper. corr.   Coulomb (SR)   Coul. recip.
    7.81410e+03    9.35301e+04   -4.44920e+03   -6.33011e+05    3.15340e+03
 Position Rest.      Potential    Kinetic En.   Total Energy  Conserved En.
    5.50154e+02   -5.22392e+05    8.63416e+04   -4.36050e+05   -5.03965e+05
    Temperature Pres. DC (bar) Pressure (bar)   Constr. rmsd
    3.02060e+02   -2.14729e+02   -8.58427e+01    2.97285e-06

           Step           Time
          29000       58.00000

   Energies (kJ/mol)
           Bond          Angle    Proper Dih. Ryckaert-Bell.          LJ-14
    1.35577e+03    3.66075e+03    2.27895e+02    1.79038e+03    2.72485e+03
     Coulomb-14        LJ (SR)  Disper. corr.   Coulomb (SR)   Coul. recip.
    7.76387e+03    9.19805e+04   -4.44920e+03   -6.30682e+05    2.98911e+03
 Position Rest.      Potential    Kinetic En.   Total Energy  Conserved En.
    5.28458e+02   -5.22109e+05    8.52461e+04   -4.36863e+05   -5.03951e+05
    Temperature Pres. DC (bar) Pressure (bar)   Constr. rmsd
    2.98227e+02   -2.14729e+02   -9.33870e+02    2.70675e-06

           Step           Time
          29500       59.00000

   Energies (kJ/mol)
           Bond          Angle    Proper Dih. Ryckaert-Bell.          LJ-14
    1.45952e+03    3.62589e+03    2.69640e+02    1.76665e+03    2.72261e+03
     Coulomb-14        LJ (SR)  Disper. corr.   Coulomb (SR)   Coul. recip.
    7.77400e+03    9.27792e+04   -4.44920e+03   -6.31473e+05    2.97075e+03
 Position Rest.      Potential    Kinetic En.   Total Energy  Conserved En.
    4.68775e+02   -5.22085e+05    8.57418e+04   -4.36343e+05   -5.03975e+05
    Temperature Pres. DC (bar) Pressure (bar)   Constr. rmsd
    2.99961e+02   -2.14729e+02   -6.21792e+02    3.30227e-06

           Step           Time
          30000       60.00000

   Energies (kJ/mol)
           Bond          Angle    Proper Dih. Ryckaert-Bell.          LJ-14
    1.41647e+03    3.68206e+03    2.60604e+02    1.92530e+03    2.72670e+03
     Coulomb-14        LJ (SR)  Disper. corr.   Coulomb (SR)   Coul. recip.
    7.84674e+03    9.11178e+04   -4.44920e+03   -6.29339e+05    3.04213e+03
 Position Rest.      Potential    Kinetic En.   Total Energy  Conserved En.
    4.71399e+02   -5.21299e+05    8.61405e+04   -4.35159e+05   -5.03987e+05
    Temperature Pres. DC (bar) Pressure (bar)   Constr. rmsd
    3.01356e+02   -2.14729e+02   -6.98163e+02    3.06161e-06

           Step           Time
          30500       61.00000

   Energies (kJ/mol)
           Bond          Angle    Proper Dih. Ryckaert-Bell.          LJ-14
    1.32899e+03    3.75678e+03    2.80162e+02    1.80991e+03    2.63233e+03
     Coulomb-14        LJ (SR)  Disper. corr.   Coulomb (SR)   Coul. recip.
    7.76017e+03    9.14833e+04   -4.44920e+03   -6.31360e+05    2.95579e+03
 Position Rest.      Potential    Kinetic En.   Total Energy  Conserved En.
    5.27772e+02   -5.23274e+05    8.59948e+04   -4.37280e+05   -5.03984e+05
    Temperature Pres. DC (bar) Pressure (bar)   Constr. rmsd
    3.00846e+02   -2.14729e+02   -6.95496e+02    2.75081e-06

           Step           Time
          31000       62.00000

   Energies (kJ/mol)
           Bond          Angle    Proper Dih. Ryckaert-Bell.          LJ-14
    1.37161e+03    3.85504e+03    2.77817e+02    1.81432e+03    2.68218e+03
     Coulomb-14        LJ (SR)  Disper. corr.   Coulomb (SR)   Coul. recip.
    7.75065e+03    9.24886e+04   -4.44920e+03   -6.31943e+05    2.92329e+03
 Position Rest.      Potential    Kinetic En.   Total Energy  Conserved En.
    4.91611e+02   -5.22737e+05    8.54322e+04   -4.37305e+05   -5.03950e+05
    Temperature Pres. DC (bar) Pressure (bar)   Constr. rmsd
    2.98878e+02   -2.14729e+02   -3.73481e+02    2.81638e-06

           Step           Time
          31500       63.00000

   Energies (kJ/mol)
           Bond          Angle    Proper Dih. Ryckaert-Bell.          LJ-14
    1.38489e+03    3.69977e+03    2.18362e+02    1.80675e+03    2.66248e+03
     Coulomb-14        LJ (SR)  Disper. corr.   Coulomb (SR)   Coul. recip.
    7.79726e+03    9.09631e+04   -4.44920e+03   -6.30739e+05    2.97366e+03
 Position Rest.      Potential    Kinetic En.   Total Energy  Conserved En.
    5.06320e+02   -5.23176e+05    8.49817e+04   -4.38194e+05   -5.03970e+05
    Temperature Pres. DC (bar) Pressure (bar)   Constr. rmsd
    2.97302e+02   -2.14729e+02   -8.59326e+02    2.99232e-06

           Step           Time
          32000       64.00000

   Energies (kJ/mol)
           Bond          Angle    Proper Dih. Ryckaert-Bell.          LJ-14
    1.51579e+03    3.72899e+03    2.52892e+02    1.83861e+03    2.61995e+03
     Coulomb-14        LJ (SR)  Disper. corr.   Coulomb (SR)   Coul. recip.
    7.74103e+03    9.19070e+04   -4.44920e+03   -6.31920e+05    2.97270e+03
 Position Rest.      Potential    Kinetic En.   Total Energy  Conserved En.
    5.26460e+02   -5.23266e+05    8.53142e+04   -4.37952e+05   -5.03968e+05
    Temperature Pres. DC (bar) Pressure (bar)   Constr. rmsd
    2.98465e+02   -2.14729e+02   -7.26772e+02    2.77768e-06

           Step           Time
          32500       65.00000

   Energies (kJ/mol)
           Bond          Angle    Proper Dih. Ryckaert-Bell.          LJ-14
    1.48602e+03    3.83665e+03    2.40752e+02    1.78504e+03    2.70587e+03
     Coulomb-14        LJ (SR)  Disper. corr.   Coulomb (SR)   Coul. recip.
    7.78895e+03    9.18040e+04   -4.44920e+03   -6.32340e+05    2.94163e+03
 Position Rest.      Potential    Kinetic En.   Total Energy  Conserved En.
    5.36472e+02   -5.23664e+05    8.60086e+04   -4.37655e+05   -5.03952e+05
    Temperature Pres. DC (bar) Pressure (bar)   Constr. rmsd
    3.00895e+02   -2.14729e+02   -5.09188e+02    2.89620e-06

           Step           Time
          33000       66.00000

   Energies (kJ/mol)
           Bond          Angle    Proper Dih. Ryckaert-Bell.          LJ-14
    1.39516e+03    3.73098e+03    2.49039e+02    1.78310e+03    2.67161e+03
     Coulomb-14        LJ (SR)  Disper. corr.   Coulomb (SR)   Coul. recip.
    7.83361e+03    9.03908e+04   -4.44920e+03   -6.28904e+05    2.97770e+03
 Position Rest.      Potential    Kinetic En.   Total Energy  Conserved En.
    5.23568e+02   -5.21798e+05    8.49570e+04   -4.36841e+05   -5.03970e+05
    Temperature Pres. DC (bar) Pressure (bar)   Constr. rmsd
    2.97216e+02   -2.14729e+02   -4.29141e+02    2.74106e-06

           Step           Time
          33500       67.00000

   Energies (kJ/mol)
           Bond          Angle    Proper Dih. Ryckaert-Bell.          LJ-14
    1.55804e+03    3.70738e+03    2.65180e+02    1.83353e+03    2.73172e+03
     Coulomb-14        LJ (SR)  Disper. corr.   Coulomb (SR)   Coul. recip.
    7.75109e+03    9.17628e+04   -4.44920e+03   -6.31133e+05    3.03975e+03
 Position Rest.      Potential    Kinetic En.   Total Energy  Conserved En.
    4.49652e+02   -5.22483e+05    8.51302e+04   -4.37353e+05   -5.03955e+05
    Temperature Pres. DC (bar) Pressure (bar)   Constr. rmsd
    2.97822e+02   -2.14729e+02   -6.51322e+02    2.67579e-06

           Step           Time
          34000       68.00000

   Energies (kJ/mol)
           Bond          Angle    Proper Dih. Ryckaert-Bell.          LJ-14
    1.36889e+03    3.80263e+03    2.77166e+02    1.85193e+03    2.65713e+03
     Coulomb-14        LJ (SR)  Disper. corr.   Coulomb (SR)   Coul. recip.
    7.74912e+03    9.23909e+04   -4.44920e+03   -6.32111e+05    3.01912e+03
 Position Rest.      Potential    Kinetic En.   Total Energy  Conserved En.
    4.69560e+02   -5.22974e+05    8.63070e+04   -4.36667e+05   -5.03972e+05
    Temperature Pres. DC (bar) Pressure (bar)   Constr. rmsd
    3.01939e+02   -2.14729e+02   -7.55577e+02    2.86311e-06

           Step           Time
          34500       69.00000

   Energies (kJ/mol)
           Bond          Angle    Proper Dih. Ryckaert-Bell.          LJ-14
    1.48098e+03    3.68367e+03    2.37783e+02    1.83096e+03    2.67498e+03
     Coulomb-14        LJ (SR)  Disper. corr.   Coulomb (SR)   Coul. recip.
    7.74974e+03    9.31878e+04   -4.44920e+03   -6.32346e+05    3.04293e+03
 Position Rest.      Potential    Kinetic En.   Total Energy  Conserved En.
    5.41813e+02   -5.22364e+05    8.57899e+04   -4.36574e+05   -5.03977e+05
    Temperature Pres. DC (bar) Pressure (bar)   Constr. rmsd
    3.00130e+02   -2.14729e+02   -2.00370e+02    3.10129e-06

           Step           Time
          35000       70.00000

   Energies (kJ/mol)
           Bond          Angle    Proper Dih. Ryckaert-Bell.          LJ-14
    1.47346e+03    3.74959e+03    2.45864e+02    1.91348e+03    2.67858e+03
     Coulomb-14        LJ (SR)  Disper. corr.   Coulomb (SR)   Coul. recip.
    7.70554e+03    9.22291e+04   -4.44920e+03   -6.31148e+05    3.02294e+03
 Position Rest.      Potential    Kinetic En.   Total Energy  Conserved En.
    4.48837e+02   -5.22129e+05    8.51715e+04   -4.36958e+05   -5.03956e+05
    Temperature Pres. DC (bar) Pressure (bar)   Constr. rmsd
    2.97966e+02   -2.14729e+02   -3.24636e+02    2.95984e-06

           Step           Time
          35500       71.00000

   Energies (kJ/mol)
           Bond          Angle    Proper Dih. Ryckaert-Bell.          LJ-14
    1.43904e+03    3.71016e+03    2.85087e+02    1.76818e+03    2.74431e+03
     Coulomb-14        LJ (SR)  Disper. corr.   Coulomb (SR)   Coul. recip.
    7.72854e+03    9.20861e+04   -4.44920e+03   -6.31238e+05    3.01281e+03
 Position Rest.      Potential    Kinetic En.   Total Energy  Conserved En.
    5.12645e+02   -5.22400e+05    8.54266e+04   -4.36974e+05   -5.03967e+05
    Temperature Pres. DC (bar) Pressure (bar)   Constr. rmsd
    2.98858e+02   -2.14729e+02   -4.19694e+02    2.86808e-06

           Step           Time
          36000       72.00000

   Energies (kJ/mol)
           Bond          Angle    Proper Dih. Ryckaert-Bell.          LJ-14
    1.46461e+03    3.80725e+03    2.59819e+02    2.00496e+03    2.65860e+03
     Coulomb-14        LJ (SR)  Disper. corr.   Coulomb (SR)   Coul. recip.
    7.66839e+03    9.27986e+04   -4.44920e+03   -6.32185e+05    2.92861e+03
 Position Rest.      Potential    Kinetic En.   Total Energy  Conserved En.
    4.89502e+02   -5.22554e+05    8.66293e+04   -4.35925e+05   -5.03965e+05
    Temperature Pres. DC (bar) Pressure (bar)   Constr. rmsd
    3.03066e+02   -2.14729e+02   -3.49921e+02    2.91163e-06

           Step           Time
          36500       73.00000

   Energies (kJ/mol)
           Bond          Angle    Proper Dih. Ryckaert-Bell.          LJ-14
    1.41902e+03    3.81461e+03    2.61435e+02    1.81664e+03    2.79373e+03
     Coulomb-14        LJ (SR)  Disper. corr.   Coulomb (SR)   Coul. recip.
    7.76697e+03    9.16908e+04   -4.44920e+03   -6.31397e+05    2.95387e+03
 Position Rest.      Potential    Kinetic En.   Total Energy  Conserved En.
    5.61648e+02   -5.22767e+05    8.51350e+04   -4.37632e+05   -5.03953e+05
    Temperature Pres. DC (bar) Pressure (bar)   Constr. rmsd
    2.97838e+02   -2.14729e+02   -3.85835e+02    3.21916e-06

           Step           Time
          37000       74.00000

   Energies (kJ/mol)
           Bond          Angle    Proper Dih. Ryckaert-Bell.          LJ-14
    1.48744e+03    3.67565e+03    2.48886e+02    1.78295e+03    2.68161e+03
     Coulomb-14        LJ (SR)  Disper. corr.   Coulomb (SR)   Coul. recip.
    7.74286e+03    9.18471e+04   -4.44920e+03   -6.30214e+05    3.01809e+03
 Position Rest.      Potential    Kinetic En.   Total Energy  Conserved En.
    5.09315e+02   -5.21669e+05    8.49177e+04   -4.36751e+05   -5.03968e+05
    Temperature Pres. DC (bar) Pressure (bar)   Constr. rmsd
    2.97078e+02   -2.14729e+02   -5.31024e+02    3.00099e-06

           Step           Time
          37500       75.00000

   Energies (kJ/mol)
           Bond          Angle    Proper Dih. Ryckaert-Bell.          LJ-14
    1.41922e+03    3.73811e+03    2.97150e+02    1.92875e+03    2.70535e+03
     Coulomb-14        LJ (SR)  Disper. corr.   Coulomb (SR)   Coul. recip.
    7.79553e+03    9.16804e+04   -4.44920e+03   -6.30292e+05    2.95279e+03
 Position Rest.      Potential    Kinetic En.   Total Energy  Conserved En.
    5.18583e+02   -5.21705e+05    8.53283e+04   -4.36377e+05   -5.03971e+05
    Temperature Pres. DC (bar) Pressure (bar)   Constr. rmsd
    2.98515e+02   -2.14729e+02   -6.42346e+02    3.17184e-06

           Step           Time
          38000       76.00000

   Energies (kJ/mol)
           Bond          Angle    Proper Dih. Ryckaert-Bell.          LJ-14
    1.41017e+03    3.58267e+03    2.78572e+02    1.84978e+03    2.66834e+03
     Coulomb-14        LJ (SR)  Disper. corr.   Coulomb (SR)   Coul. recip.
    7.72476e+03    9.24030e+04   -4.44920e+03   -6.31892e+05    3.11323e+03
 Position Rest.      Potential    Kinetic En.   Total Energy  Conserved En.
    5.35549e+02   -5.22775e+05    8.50220e+04   -4.37753e+05   -5.03984e+05
    Temperature Pres. DC (bar) Pressure (bar)   Constr. rmsd
    2.97443e+02   -2.14729e+02   -7.67089e+02    3.17009e-06

Writing checkpoint, step 38050 at Mon Oct  2 16:21:09 2023


           Step           Time
          38500       77.00000

   Energies (kJ/mol)
           Bond          Angle    Proper Dih. Ryckaert-Bell.          LJ-14
    1.37277e+03    3.79027e+03    2.66412e+02    1.86425e+03    2.67547e+03
     Coulomb-14        LJ (SR)  Disper. corr.   Coulomb (SR)   Coul. recip.
    7.79043e+03    9.08819e+04   -4.44920e+03   -6.30409e+05    2.97152e+03
 Position Rest.      Potential    Kinetic En.   Total Energy  Conserved En.
    5.53792e+02   -5.22691e+05    8.55253e+04   -4.37166e+05   -5.03976e+05
    Temperature Pres. DC (bar) Pressure (bar)   Constr. rmsd
    2.99204e+02   -2.14729e+02   -6.85211e+02    2.68726e-06

           Step           Time
          39000       78.00000

   Energies (kJ/mol)
           Bond          Angle    Proper Dih. Ryckaert-Bell.          LJ-14
    1.52909e+03    3.70429e+03    2.50248e+02    1.77556e+03    2.68124e+03
     Coulomb-14        LJ (SR)  Disper. corr.   Coulomb (SR)   Coul. recip.
    7.81308e+03    9.17167e+04   -4.44920e+03   -6.30670e+05    2.96860e+03
 Position Rest.      Potential    Kinetic En.   Total Energy  Conserved En.
    4.79604e+02   -5.22201e+05    8.59965e+04   -4.36204e+05   -5.03984e+05
    Temperature Pres. DC (bar) Pressure (bar)   Constr. rmsd
    3.00852e+02   -2.14729e+02   -4.01403e+02    3.05092e-06

           Step           Time
          39500       79.00000

   Energies (kJ/mol)
           Bond          Angle    Proper Dih. Ryckaert-Bell.          LJ-14
    1.45633e+03    3.61513e+03    2.05020e+02    1.76777e+03    2.67851e+03
     Coulomb-14        LJ (SR)  Disper. corr.   Coulomb (SR)   Coul. recip.
    7.82267e+03    9.31974e+04   -4.44920e+03   -6.33090e+05    2.96914e+03
 Position Rest.      Potential    Kinetic En.   Total Energy  Conserved En.
    5.10197e+02   -5.23317e+05    8.59566e+04   -4.37361e+05   -5.03987e+05
    Temperature Pres. DC (bar) Pressure (bar)   Constr. rmsd
    3.00713e+02   -2.14729e+02   -1.54371e+01    3.21036e-06

           Step           Time
          40000       80.00000

   Energies (kJ/mol)
           Bond          Angle    Proper Dih. Ryckaert-Bell.          LJ-14
    1.45688e+03    3.85890e+03    2.90808e+02    1.81879e+03    2.64979e+03
     Coulomb-14        LJ (SR)  Disper. corr.   Coulomb (SR)   Coul. recip.
    7.66994e+03    9.10472e+04   -4.44920e+03   -6.30815e+05    2.93223e+03
 Position Rest.      Potential    Kinetic En.   Total Energy  Conserved En.
    5.09520e+02   -5.23030e+05    8.55164e+04   -4.37514e+05   -5.03970e+05
    Temperature Pres. DC (bar) Pressure (bar)   Constr. rmsd
    2.99173e+02   -2.14729e+02   -9.46688e+02    2.93707e-06

           Step           Time
          40500       81.00000

   Energies (kJ/mol)
           Bond          Angle    Proper Dih. Ryckaert-Bell.          LJ-14
    1.44403e+03    3.65791e+03    2.43942e+02    1.86446e+03    2.67694e+03
     Coulomb-14        LJ (SR)  Disper. corr.   Coulomb (SR)   Coul. recip.
    7.74289e+03    9.39166e+04   -4.44920e+03   -6.34347e+05    3.03895e+03
 Position Rest.      Potential    Kinetic En.   Total Energy  Conserved En.
    4.77453e+02   -5.23733e+05    8.57177e+04   -4.38015e+05   -5.03962e+05
    Temperature Pres. DC (bar) Pressure (bar)   Constr. rmsd
    2.99877e+02   -2.14729e+02   -1.35008e+02    2.97612e-06

           Step           Time
          41000       82.00000

   Energies (kJ/mol)
           Bond          Angle    Proper Dih. Ryckaert-Bell.          LJ-14
    1.36191e+03    3.81317e+03    2.52573e+02    1.87463e+03    2.65878e+03
     Coulomb-14        LJ (SR)  Disper. corr.   Coulomb (SR)   Coul. recip.
    7.68597e+03    9.06223e+04   -4.44920e+03   -6.29434e+05    3.00696e+03
 Position Rest.      Potential    Kinetic En.   Total Energy  Conserved En.
    4.66400e+02   -5.22141e+05    8.57464e+04   -4.36394e+05   -5.03984e+05
    Temperature Pres. DC (bar) Pressure (bar)   Constr. rmsd
    2.99977e+02   -2.14729e+02   -8.74220e+02    2.80712e-06

           Step           Time
          41500       83.00000

   Energies (kJ/mol)
           Bond          Angle    Proper Dih. Ryckaert-Bell.          LJ-14
    1.44874e+03    3.60631e+03    2.71161e+02    1.81405e+03    2.59680e+03
     Coulomb-14        LJ (SR)  Disper. corr.   Coulomb (SR)   Coul. recip.
    7.64765e+03    9.09484e+04   -4.44920e+03   -6.28901e+05    3.05797e+03
 Position Rest.      Potential    Kinetic En.   Total Energy  Conserved En.
    5.09112e+02   -5.21450e+05    8.52373e+04   -4.36213e+05   -5.03958e+05
    Temperature Pres. DC (bar) Pressure (bar)   Constr. rmsd
    2.98196e+02   -2.14729e+02   -7.33582e+02    2.96358e-06

           Step           Time
          42000       84.00000

   Energies (kJ/mol)
           Bond          Angle    Proper Dih. Ryckaert-Bell.          LJ-14
    1.63255e+03    3.73094e+03    2.07055e+02    1.79996e+03    2.63407e+03
     Coulomb-14        LJ (SR)  Disper. corr.   Coulomb (SR)   Coul. recip.
    7.70953e+03    9.18728e+04   -4.44920e+03   -6.31305e+05    3.10266e+03
 Position Rest.      Potential    Kinetic En.   Total Energy  Conserved En.
    4.98805e+02   -5.22566e+05    8.51279e+04   -4.37438e+05   -5.03949e+05
    Temperature Pres. DC (bar) Pressure (bar)   Constr. rmsd
    2.97814e+02   -2.14729e+02   -7.30203e+02    2.66444e-06

           Step           Time
          42500       85.00000

   Energies (kJ/mol)
           Bond          Angle    Proper Dih. Ryckaert-Bell.          LJ-14
    1.42983e+03    3.72417e+03    2.15785e+02    1.87416e+03    2.65765e+03
     Coulomb-14        LJ (SR)  Disper. corr.   Coulomb (SR)   Coul. recip.
    7.80874e+03    9.33948e+04   -4.44920e+03   -6.32533e+05    3.03509e+03
 Position Rest.      Potential    Kinetic En.   Total Energy  Conserved En.
    5.09694e+02   -5.22332e+05    8.40421e+04   -4.38290e+05   -5.03946e+05
    Temperature Pres. DC (bar) Pressure (bar)   Constr. rmsd
    2.94015e+02   -2.14729e+02   -3.70986e+02    2.81428e-06

           Step           Time
          43000       86.00000

   Energies (kJ/mol)
           Bond          Angle    Proper Dih. Ryckaert-Bell.          LJ-14
    1.45606e+03    3.81119e+03    2.53459e+02    1.85091e+03    2.70264e+03
     Coulomb-14        LJ (SR)  Disper. corr.   Coulomb (SR)   Coul. recip.
    7.77021e+03    9.20922e+04   -4.44920e+03   -6.30975e+05    3.05756e+03
 Position Rest.      Potential    Kinetic En.   Total Energy  Conserved En.
    5.13958e+02   -5.21916e+05    8.63460e+04   -4.35570e+05   -5.03964e+05
    Temperature Pres. DC (bar) Pressure (bar)   Constr. rmsd
    3.02075e+02   -2.14729e+02   -4.82351e+02    2.71695e-06

           Step           Time
          43500       87.00000

   Energies (kJ/mol)
           Bond          Angle    Proper Dih. Ryckaert-Bell.          LJ-14
    1.53612e+03    3.74090e+03    2.97899e+02    1.86206e+03    2.62148e+03
     Coulomb-14        LJ (SR)  Disper. corr.   Coulomb (SR)   Coul. recip.
    7.65196e+03    9.24475e+04   -4.44920e+03   -6.32311e+05    2.96058e+03
 Position Rest.      Potential    Kinetic En.   Total Energy  Conserved En.
    5.06061e+02   -5.23136e+05    8.56870e+04   -4.37448e+05   -5.03952e+05
    Temperature Pres. DC (bar) Pressure (bar)   Constr. rmsd
    2.99770e+02   -2.14729e+02   -2.87394e+02    2.44792e-06

           Step           Time
          44000       88.00000

   Energies (kJ/mol)
           Bond          Angle    Proper Dih. Ryckaert-Bell.          LJ-14
    1.35329e+03    3.58182e+03    2.59123e+02    1.83006e+03    2.73725e+03
     Coulomb-14        LJ (SR)  Disper. corr.   Coulomb (SR)   Coul. recip.
    7.74932e+03    9.17175e+04   -4.44920e+03   -6.30998e+05    3.05479e+03
 Position Rest.      Potential    Kinetic En.   Total Energy  Conserved En.
    5.29023e+02   -5.22635e+05    8.59178e+04   -4.36717e+05   -5.03965e+05
    Temperature Pres. DC (bar) Pressure (bar)   Constr. rmsd
    3.00577e+02   -2.14729e+02   -4.17543e+02    2.90669e-06

           Step           Time
          44500       89.00000

   Energies (kJ/mol)
           Bond          Angle    Proper Dih. Ryckaert-Bell.          LJ-14
    1.44937e+03    3.73659e+03    2.69542e+02    1.83429e+03    2.73674e+03
     Coulomb-14        LJ (SR)  Disper. corr.   Coulomb (SR)   Coul. recip.
    7.73478e+03    9.14011e+04   -4.44920e+03   -6.30803e+05    2.97348e+03
 Position Rest.      Potential    Kinetic En.   Total Energy  Conserved En.
    5.04290e+02   -5.22612e+05    8.58440e+04   -4.36768e+05   -5.03943e+05
    Temperature Pres. DC (bar) Pressure (bar)   Constr. rmsd
    3.00319e+02   -2.14729e+02   -7.09459e+02    2.98731e-06

           Step           Time
          45000       90.00000

   Energies (kJ/mol)
           Bond          Angle    Proper Dih. Ryckaert-Bell.          LJ-14
    1.55474e+03    3.91506e+03    2.39902e+02    1.80517e+03    2.60950e+03
     Coulomb-14        LJ (SR)  Disper. corr.   Coulomb (SR)   Coul. recip.
    7.70997e+03    9.28347e+04   -4.44920e+03   -6.31589e+05    3.03192e+03
 Position Rest.      Potential    Kinetic En.   Total Energy  Conserved En.
    5.23794e+02   -5.21813e+05    8.56196e+04   -4.36194e+05   -5.03941e+05
    Temperature Pres. DC (bar) Pressure (bar)   Constr. rmsd
    2.99534e+02   -2.14729e+02   -4.05504e+02    2.84120e-06

           Step           Time
          45500       91.00000

   Energies (kJ/mol)
           Bond          Angle    Proper Dih. Ryckaert-Bell.          LJ-14
    1.42251e+03    3.57541e+03    2.39803e+02    1.86313e+03    2.71590e+03
     Coulomb-14        LJ (SR)  Disper. corr.   Coulomb (SR)   Coul. recip.
    7.74032e+03    9.27680e+04   -4.44920e+03   -6.32350e+05    3.00351e+03
 Position Rest.      Potential    Kinetic En.   Total Energy  Conserved En.
    4.70786e+02   -5.23000e+05    8.61872e+04   -4.36813e+05   -5.03960e+05
    Temperature Pres. DC (bar) Pressure (bar)   Constr. rmsd
    3.01519e+02   -2.14729e+02   -4.02238e+02    3.42053e-06

           Step           Time
          46000       92.00000

   Energies (kJ/mol)
           Bond          Angle    Proper Dih. Ryckaert-Bell.          LJ-14
    1.49688e+03    3.73543e+03    2.36149e+02    1.88498e+03    2.63239e+03
     Coulomb-14        LJ (SR)  Disper. corr.   Coulomb (SR)   Coul. recip.
    7.75747e+03    9.24662e+04   -4.44920e+03   -6.33059e+05    2.98690e+03
 Position Rest.      Potential    Kinetic En.   Total Energy  Conserved En.
    5.20727e+02   -5.23791e+05    8.54939e+04   -4.38298e+05   -5.03954e+05
    Temperature Pres. DC (bar) Pressure (bar)   Constr. rmsd
    2.99094e+02   -2.14729e+02   -5.05834e+02    2.89497e-06

           Step           Time
          46500       93.00000

   Energies (kJ/mol)
           Bond          Angle    Proper Dih. Ryckaert-Bell.          LJ-14
    1.41377e+03    3.88581e+03    2.25265e+02    1.78866e+03    2.62718e+03
     Coulomb-14        LJ (SR)  Disper. corr.   Coulomb (SR)   Coul. recip.
    7.76133e+03    9.30611e+04   -4.44920e+03   -6.32343e+05    3.01177e+03
 Position Rest.      Potential    Kinetic En.   Total Energy  Conserved En.
    5.49574e+02   -5.22468e+05    8.55819e+04   -4.36886e+05   -5.03951e+05
    Temperature Pres. DC (bar) Pressure (bar)   Constr. rmsd
    2.99402e+02   -2.14729e+02   -5.31652e+02    3.18217e-06

           Step           Time
          47000       94.00000

   Energies (kJ/mol)
           Bond          Angle    Proper Dih. Ryckaert-Bell.          LJ-14
    1.56986e+03    3.70511e+03    2.53191e+02    1.84720e+03    2.70950e+03
     Coulomb-14        LJ (SR)  Disper. corr.   Coulomb (SR)   Coul. recip.
    7.71618e+03    9.21352e+04   -4.44920e+03   -6.30726e+05    2.98078e+03
 Position Rest.      Potential    Kinetic En.   Total Energy  Conserved En.
    5.21112e+02   -5.21737e+05    8.55176e+04   -4.36219e+05   -5.03949e+05
    Temperature Pres. DC (bar) Pressure (bar)   Constr. rmsd
    2.99177e+02   -2.14729e+02   -3.12012e+02    2.76697e-06

           Step           Time
          47500       95.00000

   Energies (kJ/mol)
           Bond          Angle    Proper Dih. Ryckaert-Bell.          LJ-14
    1.55927e+03    3.80757e+03    2.23594e+02    1.91191e+03    2.68856e+03
     Coulomb-14        LJ (SR)  Disper. corr.   Coulomb (SR)   Coul. recip.
    7.79443e+03    9.20176e+04   -4.44920e+03   -6.30748e+05    3.05360e+03
 Position Rest.      Potential    Kinetic En.   Total Energy  Conserved En.
    5.41390e+02   -5.21600e+05    8.60436e+04   -4.35556e+05   -5.03958e+05
    Temperature Pres. DC (bar) Pressure (bar)   Constr. rmsd
    3.01017e+02   -2.14729e+02   -4.17505e+02    3.10624e-06

           Step           Time
          48000       96.00000

   Energies (kJ/mol)
           Bond          Angle    Proper Dih. Ryckaert-Bell.          LJ-14
    1.43844e+03    3.73318e+03    2.64397e+02    1.81747e+03    2.79825e+03
     Coulomb-14        LJ (SR)  Disper. corr.   Coulomb (SR)   Coul. recip.
    7.79650e+03    9.27564e+04   -4.44920e+03   -6.31860e+05    3.02394e+03
 Position Rest.      Potential    Kinetic En.   Total Energy  Conserved En.
    4.55190e+02   -5.22225e+05    8.66496e+04   -4.35575e+05   -5.03965e+05
    Temperature Pres. DC (bar) Pressure (bar)   Constr. rmsd
    3.03137e+02   -2.14729e+02   -2.42959e+02    3.37527e-06

           Step           Time
          48500       97.00000

   Energies (kJ/mol)
           Bond          Angle    Proper Dih. Ryckaert-Bell.          LJ-14
    1.49339e+03    3.71339e+03    2.40971e+02    1.79782e+03    2.73702e+03
     Coulomb-14        LJ (SR)  Disper. corr.   Coulomb (SR)   Coul. recip.
    7.77446e+03    9.19241e+04   -4.44920e+03   -6.30139e+05    3.06686e+03
 Position Rest.      Potential    Kinetic En.   Total Energy  Conserved En.
    4.70557e+02   -5.21370e+05    8.62498e+04   -4.35120e+05   -5.03958e+05
    Temperature Pres. DC (bar) Pressure (bar)   Constr. rmsd
    3.01738e+02   -2.14729e+02   -3.35961e+02    2.76179e-06

           Step           Time
          49000       98.00000

   Energies (kJ/mol)
           Bond          Angle    Proper Dih. Ryckaert-Bell.          LJ-14
    1.42151e+03    3.72815e+03    2.56537e+02    1.72867e+03    2.72807e+03
     Coulomb-14        LJ (SR)  Disper. corr.   Coulomb (SR)   Coul. recip.
    7.61954e+03    9.11112e+04   -4.44920e+03   -6.29120e+05    3.03385e+03
 Position Rest.      Potential    Kinetic En.   Total Energy  Conserved En.
    4.97645e+02   -5.21444e+05    8.61111e+04   -4.35333e+05   -5.03966e+05
    Temperature Pres. DC (bar) Pressure (bar)   Constr. rmsd
    3.01253e+02   -2.14729e+02   -2.31813e+02    3.40055e-06

           Step           Time
          49500       99.00000

   Energies (kJ/mol)
           Bond          Angle    Proper Dih. Ryckaert-Bell.          LJ-14
    1.57652e+03    3.76657e+03    2.70336e+02    1.80000e+03    2.64945e+03
     Coulomb-14        LJ (SR)  Disper. corr.   Coulomb (SR)   Coul. recip.
    7.69691e+03    9.18432e+04   -4.44920e+03   -6.29512e+05    3.06167e+03
 Position Rest.      Potential    Kinetic En.   Total Energy  Conserved En.
    5.06299e+02   -5.20791e+05    8.60580e+04   -4.34733e+05   -5.03962e+05
    Temperature Pres. DC (bar) Pressure (bar)   Constr. rmsd
    3.01068e+02   -2.14729e+02   -5.22188e+02    3.14418e-06

           Step           Time
          50000      100.00000

Writing checkpoint, step 50000 at Mon Oct  2 16:25:52 2023


   Energies (kJ/mol)
           Bond          Angle    Proper Dih. Ryckaert-Bell.          LJ-14
    1.45624e+03    3.86283e+03    2.25193e+02    1.73889e+03    2.64818e+03
     Coulomb-14        LJ (SR)  Disper. corr.   Coulomb (SR)   Coul. recip.
    7.73463e+03    9.15691e+04   -4.44920e+03   -6.30831e+05    3.02786e+03
 Position Rest.      Potential    Kinetic En.   Total Energy  Conserved En.
    5.22747e+02   -5.22494e+05    8.56021e+04   -4.36892e+05   -5.03972e+05
    Temperature Pres. DC (bar) Pressure (bar)   Constr. rmsd
    2.99472e+02   -2.14729e+02   -4.87136e+02    2.95432e-06


	<======  ###############  ==>
	<====  A V E R A G E S  ====>
	<==  ###############  ======>

	Statistics over 50001 steps using 501 frames

   Energies (kJ/mol)
           Bond          Angle    Proper Dih. Ryckaert-Bell.          LJ-14
    1.45270e+03    3.71880e+03    2.49864e+02    1.84676e+03    2.69130e+03
     Coulomb-14        LJ (SR)  Disper. corr.   Coulomb (SR)   Coul. recip.
    7.74236e+03    9.18702e+04   -4.44920e+03   -6.31021e+05    3.00623e+03
 Position Rest.      Potential    Kinetic En.   Total Energy  Conserved En.
    5.10935e+02   -5.22381e+05    8.57504e+04   -4.36630e+05   -5.03962e+05
    Temperature Pres. DC (bar) Pressure (bar)   Constr. rmsd
    2.99991e+02   -2.14729e+02   -5.42863e+02    0.00000e+00

   Total Virial (kJ/mol)
    3.43285e+04   -3.88802e+01   -1.02966e+02
   -3.90206e+01    3.41773e+04    1.99539e+02
   -1.02515e+02    2.00262e+02    3.41373e+04

   Pressure (bar)
   -5.53022e+02    3.17696e+00    1.02950e+01
    3.19050e+00   -5.38824e+02   -2.14046e+01
    1.02515e+01   -2.14743e+01   -5.36742e+02

      T-Protein  T-non-Protein
    3.00822e+02    2.99927e+02


	M E G A - F L O P S   A C C O U N T I N G

 NB=Group-cutoff nonbonded kernels    NxN=N-by-N cluster Verlet kernels
 RF=Reaction-Field  VdW=Van der Waals  QSTab=quadratic-spline table
 W3=SPC/TIP3p  W4=TIP4p (single or pairs)
 V&F=Potential and force  V=Potential only  F=Force only

 Computing:                               M-Number         M-Flops  % Flops
-----------------------------------------------------------------------------
 Pair Search distance check           14829.602002      133466.418     0.2
 NxN Ewald Elec. + LJ [F]            522465.964096    34482753.630    52.2
 NxN Ewald Elec. + LJ [V&F]            5287.736880      565787.846     0.9
 NxN Ewald Elec. [F]                 459905.352544    28054226.505    42.4
 NxN Ewald Elec. [V&F]                 4655.050704      391024.259     0.6
 1,4 nonbonded interactions             255.305106       22977.460     0.0
 Calc Weights                          5081.501628      182934.059     0.3
 Spread Q Bspline                    108405.368064      216810.736     0.3
 Gather F Bspline                    108405.368064      650432.208     1.0
 3D-FFT                              139519.590336     1116156.723     1.7
 Solve PME                               96.801936        6195.324     0.0
 Shift-X                                 33.909876         203.459     0.0
 Bonds                                   51.251025        3023.810     0.0
 Angles                                 177.353547       29795.396     0.0
 Propers                                 21.300426        4877.798     0.0
 RB-Dihedrals                           197.503950       48783.476     0.1
 Pos. Restr.                             50.051001        2502.550     0.0
 Virial                                  16.994421         305.900     0.0
 Stop-CM                                 17.005752         170.058     0.0
 Calc-Ekin                              338.827752        9148.349     0.0
 Lincs                                   47.952877        2877.173     0.0
 Lincs-Mat                              238.814328         955.257     0.0
 Constraint-V                          1691.367652       13530.941     0.0
 Constraint-Vir                          16.466367         395.193     0.0
 Settle                                 531.831908      171781.706     0.3
-----------------------------------------------------------------------------
 Total                                                66111116.234   100.0
-----------------------------------------------------------------------------


     R E A L   C Y C L E   A N D   T I M E   A C C O U N T I N G

On 1 MPI rank

 Computing:          Num   Num      Call    Wall time         Giga-Cycles
                     Ranks Threads  Count      (s)         total sum    %
-----------------------------------------------------------------------------
 Neighbor search        1    1       1001      49.110        142.084   4.1
 Force                  1    1      50001     809.914       2343.207  68.4
 PME mesh               1    1      50001     276.859        800.996  23.4
 NB X/F buffer ops.     1    1      99001       8.214         23.764   0.7
 Write traj.            1    1        102       1.029          2.978   0.1
 Update                 1    1      50001       7.207         20.850   0.6
 Constraints            1    1      50003      29.066         84.093   2.5
 Rest                                           2.580          7.464   0.2
-----------------------------------------------------------------------------
 Total                                       1183.980       3425.436 100.0
-----------------------------------------------------------------------------
 Breakdown of PME mesh computation
-----------------------------------------------------------------------------
 PME spread             1    1      50001      82.962        240.022   7.0
 PME gather             1    1      50001     137.948        399.105  11.7
 PME 3D-FFT             1    1     100002      51.995        150.431   4.4
 PME solve Elec         1    1      50001       3.847         11.130   0.3
-----------------------------------------------------------------------------

               Core t (s)   Wall t (s)        (%)
       Time:     1183.979     1183.980      100.0
                 (ns/day)    (hour/ns)
Performance:        7.298        3.289
Finished mdrun on rank 0 Mon Oct  2 16:25:52 2023

