                      :-) GROMACS - gmx mdrun, 2020.4 (-:

                            GROMACS is written by:
     Emile Apol      Rossen Apostolov      Paul Bauer     Herman J.C. Berendsen
    Par Bjelkmar      Christian Blau   Viacheslav Bolnykh     Kevin Boyd    
 Aldert van Buuren   Rudi van Drunen     Anton Feenstra       Alan Gray     
  Gerrit Groenhof     Anca Hamuraru    Vincent Hindriksen  M. Eric Irrgang  
  Aleksei Iupinov   Christoph Junghans     Joe Jordan     Dimitrios Karkoulis
    Peter Kasson        Jiri Kraus      Carsten Kutzner      Per Larsson    
  Justin A. Lemkul    Viveca Lindahl    Magnus Lundborg     Erik Marklund   
    Pascal Merz     Pieter Meulenhoff    Teemu Murtola       Szilard Pall   
    Sander Pronk      Roland Schulz      Michael Shirts    Alexey Shvetsov  
   Alfons Sijbers     Peter Tieleman      Jon Vincent      Teemu Virolainen 
 Christian Wennberg    Maarten Wolf      Artem Zhmurov   
                           and the project leaders:
        Mark Abraham, Berk Hess, Erik Lindahl, and David van der Spoel

Copyright (c) 1991-2000, University of Groningen, The Netherlands.
Copyright (c) 2001-2019, The GROMACS development team at
Uppsala University, Stockholm University and
the Royal Institute of Technology, Sweden.
check out http://www.gromacs.org for more information.

GROMACS is free software; you can redistribute it and/or modify it
under the terms of the GNU Lesser General Public License
as published by the Free Software Foundation; either version 2.1
of the License, or (at your option) any later version.

GROMACS:      gmx mdrun, version 2020.4
Executable:   /share/apps/gromacs/2020.4/openmpi/intel/bin/gmx_mpi
Data prefix:  /share/apps/gromacs/2020.4/openmpi/intel
Working dir:  /scratch/work/courses/CHEM-GA-2671-2023fa/students/zg2344/comp-lab-class-2023/Week4/setup/ions in water/ions in water/gromacs
Process ID:   1051978
Command line:
  gmx_mpi mdrun -v -deffnm step4.1_equilibration

GROMACS version:    2020.4
Verified release checksum is 79c2857291b034542c26e90512b92fd4b184a1c9d6fa59c55f2e24ccf14e7281
Precision:          single
Memory model:       64 bit
MPI library:        MPI
OpenMP support:     disabled
GPU support:        disabled
SIMD instructions:  AVX_512
FFT library:        Intel MKL
RDTSCP usage:       enabled
TNG support:        enabled
Hwloc support:      disabled
Tracing support:    disabled
C compiler:         /share/apps/openmpi/4.0.5/intel/bin/mpicc Intel 19.1.2.20200623
C compiler flags:   -xCORE-AVX512 -qopt-zmm-usage=high -mkl=sequential -wd3180 -std=gnu99 -ip -funroll-all-loops -alias-const -ansi-alias -no-prec-div -fimf-domain-exclusion=14 -qoverride-limits -O3 -DNDEBUG
C++ compiler:       /share/apps/openmpi/4.0.5/intel/bin/mpicxx Intel 19.1.2.20200623
C++ compiler flags: -xCORE-AVX512 -qopt-zmm-usage=high -mkl=sequential -wd3180 -ip -funroll-all-loops -alias-const -ansi-alias -no-prec-div -fimf-domain-exclusion=14 -qoverride-limits -O3 -DNDEBUG


Running on 20 nodes with total 960 cores, 960 logical cores
  Cores per node:           48
  Logical cores per node:   48
Hardware detected on host cs347.hpc.nyu.edu (the node of MPI rank 0):
  CPU info:
    Vendor: Intel
    Brand:  Intel(R) Xeon(R) Platinum 8268 CPU @ 2.90GHz
    Family: 6   Model: 85   Stepping: 7
    Features: aes apic avx avx2 avx512f avx512cd avx512bw avx512vl clfsh cmov cx8 cx16 f16c fma htt intel lahf mmx msr nonstop_tsc pcid pclmuldq pdcm pdpe1gb popcnt pse rdrnd rdtscp sse2 sse3 sse4.1 sse4.2 ssse3 tdt x2apic
    Number of AVX-512 FMA units: 2
  Hardware topology: Only logical processor count


++++ PLEASE READ AND CITE THE FOLLOWING REFERENCE ++++
M. J. Abraham, T. Murtola, R. Schulz, S. Páll, J. C. Smith, B. Hess, E.
Lindahl
GROMACS: High performance molecular simulations through multi-level
parallelism from laptops to supercomputers
SoftwareX 1 (2015) pp. 19-25
-------- -------- --- Thank You --- -------- --------


++++ PLEASE READ AND CITE THE FOLLOWING REFERENCE ++++
S. Páll, M. J. Abraham, C. Kutzner, B. Hess, E. Lindahl
Tackling Exascale Software Challenges in Molecular Dynamics Simulations with
GROMACS
In S. Markidis & E. Laure (Eds.), Solving Software Challenges for Exascale 8759 (2015) pp. 3-27
-------- -------- --- Thank You --- -------- --------


++++ PLEASE READ AND CITE THE FOLLOWING REFERENCE ++++
S. Pronk, S. Páll, R. Schulz, P. Larsson, P. Bjelkmar, R. Apostolov, M. R.
Shirts, J. C. Smith, P. M. Kasson, D. van der Spoel, B. Hess, and E. Lindahl
GROMACS 4.5: a high-throughput and highly parallel open source molecular
simulation toolkit
Bioinformatics 29 (2013) pp. 845-54
-------- -------- --- Thank You --- -------- --------


++++ PLEASE READ AND CITE THE FOLLOWING REFERENCE ++++
B. Hess and C. Kutzner and D. van der Spoel and E. Lindahl
GROMACS 4: Algorithms for highly efficient, load-balanced, and scalable
molecular simulation
J. Chem. Theory Comput. 4 (2008) pp. 435-447
-------- -------- --- Thank You --- -------- --------


++++ PLEASE READ AND CITE THE FOLLOWING REFERENCE ++++
D. van der Spoel, E. Lindahl, B. Hess, G. Groenhof, A. E. Mark and H. J. C.
Berendsen
GROMACS: Fast, Flexible and Free
J. Comp. Chem. 26 (2005) pp. 1701-1719
-------- -------- --- Thank You --- -------- --------


++++ PLEASE READ AND CITE THE FOLLOWING REFERENCE ++++
E. Lindahl and B. Hess and D. van der Spoel
GROMACS 3.0: A package for molecular simulation and trajectory analysis
J. Mol. Mod. 7 (2001) pp. 306-317
-------- -------- --- Thank You --- -------- --------


++++ PLEASE READ AND CITE THE FOLLOWING REFERENCE ++++
H. J. C. Berendsen, D. van der Spoel and R. van Drunen
GROMACS: A message-passing parallel molecular dynamics implementation
Comp. Phys. Comm. 91 (1995) pp. 43-56
-------- -------- --- Thank You --- -------- --------


++++ PLEASE CITE THE DOI FOR THIS VERSION OF GROMACS ++++
https://doi.org/10.5281/zenodo.4054979
-------- -------- --- Thank You --- -------- --------

Input Parameters:
   integrator                     = md
   tinit                          = 0
   dt                             = 0.001
   nsteps                         = 125000
   init-step                      = 0
   simulation-part                = 1
   comm-mode                      = Linear
   nstcomm                        = 100
   bd-fric                        = 0
   ld-seed                        = -1603929575
   emtol                          = 10
   emstep                         = 0.01
   niter                          = 20
   fcstep                         = 0
   nstcgsteep                     = 1000
   nbfgscorr                      = 10
   rtpi                           = 0.05
   nstxout                        = 0
   nstvout                        = 5000
   nstfout                        = 5000
   nstlog                         = 1000
   nstcalcenergy                  = 100
   nstenergy                      = 1000
   nstxout-compressed             = 5000
   compressed-x-precision         = 1000
   cutoff-scheme                  = Verlet
   nstlist                        = 20
   pbc                            = xyz
   periodic-molecules             = false
   verlet-buffer-tolerance        = 0.005
   rlist                          = 1.2
   coulombtype                    = PME
   coulomb-modifier               = Potential-shift
   rcoulomb-switch                = 0
   rcoulomb                       = 1.2
   epsilon-r                      = 1
   epsilon-rf                     = inf
   vdw-type                       = Cut-off
   vdw-modifier                   = Force-switch
   rvdw-switch                    = 1
   rvdw                           = 1.2
   DispCorr                       = No
   table-extension                = 1
   fourierspacing                 = 0.12
   fourier-nx                     = 42
   fourier-ny                     = 42
   fourier-nz                     = 42
   pme-order                      = 4
   ewald-rtol                     = 1e-05
   ewald-rtol-lj                  = 0.001
   lj-pme-comb-rule               = Geometric
   ewald-geometry                 = 0
   epsilon-surface                = 0
   tcoupl                         = Nose-Hoover
   nsttcouple                     = 20
   nh-chain-length                = 1
   print-nose-hoover-chain-variables = false
   pcoupl                         = No
   pcoupltype                     = Isotropic
   nstpcouple                     = -1
   tau-p                          = 1
   compressibility (3x3):
      compressibility[    0]={ 0.00000e+00,  0.00000e+00,  0.00000e+00}
      compressibility[    1]={ 0.00000e+00,  0.00000e+00,  0.00000e+00}
      compressibility[    2]={ 0.00000e+00,  0.00000e+00,  0.00000e+00}
   ref-p (3x3):
      ref-p[    0]={ 0.00000e+00,  0.00000e+00,  0.00000e+00}
      ref-p[    1]={ 0.00000e+00,  0.00000e+00,  0.00000e+00}
      ref-p[    2]={ 0.00000e+00,  0.00000e+00,  0.00000e+00}
   refcoord-scaling               = No
   posres-com (3):
      posres-com[0]= 0.00000e+00
      posres-com[1]= 0.00000e+00
      posres-com[2]= 0.00000e+00
   posres-comB (3):
      posres-comB[0]= 0.00000e+00
      posres-comB[1]= 0.00000e+00
      posres-comB[2]= 0.00000e+00
   QMMM                           = false
   QMconstraints                  = 0
   QMMMscheme                     = 0
   MMChargeScaleFactor            = 1
qm-opts:
   ngQM                           = 0
   constraint-algorithm           = Lincs
   continuation                   = false
   Shake-SOR                      = false
   shake-tol                      = 0.0001
   lincs-order                    = 4
   lincs-iter                     = 1
   lincs-warnangle                = 30
   nwall                          = 0
   wall-type                      = 9-3
   wall-r-linpot                  = -1
   wall-atomtype[0]               = -1
   wall-atomtype[1]               = -1
   wall-density[0]                = 0
   wall-density[1]                = 0
   wall-ewald-zfac                = 3
   pull                           = false
   awh                            = false
   rotation                       = false
   interactiveMD                  = false
   disre                          = No
   disre-weighting                = Conservative
   disre-mixed                    = false
   dr-fc                          = 1000
   dr-tau                         = 0
   nstdisreout                    = 100
   orire-fc                       = 0
   orire-tau                      = 0
   nstorireout                    = 100
   free-energy                    = no
   cos-acceleration               = 0
   deform (3x3):
      deform[    0]={ 0.00000e+00,  0.00000e+00,  0.00000e+00}
      deform[    1]={ 0.00000e+00,  0.00000e+00,  0.00000e+00}
      deform[    2]={ 0.00000e+00,  0.00000e+00,  0.00000e+00}
   simulated-tempering            = false
   swapcoords                     = no
   userint1                       = 0
   userint2                       = 0
   userint3                       = 0
   userint4                       = 0
   userreal1                      = 0
   userreal2                      = 0
   userreal3                      = 0
   userreal4                      = 0
   applied-forces:
     electric-field:
       x:
         E0                       = 0
         omega                    = 0
         t0                       = 0
         sigma                    = 0
       y:
         E0                       = 0
         omega                    = 0
         t0                       = 0
         sigma                    = 0
       z:
         E0                       = 0
         omega                    = 0
         t0                       = 0
         sigma                    = 0
     density-guided-simulation:
       active                     = false
       group                      = protein
       similarity-measure         = inner-product
       atom-spreading-weight      = unity
       force-constant             = 1e+09
       gaussian-transform-spreading-width = 0.2
       gaussian-transform-spreading-range-in-multiples-of-width = 4
       reference-density-filename = reference.mrc
       nst                        = 1
       normalize-densities        = true
       adaptive-force-scaling     = false
       adaptive-force-scaling-time-constant = 4
grpopts:
   nrdf:       23271
   ref-t:         300
   tau-t:           1
annealing:          No
annealing-npoints:           0
   acc:	           0           0           0
   nfreeze:           N           N           N
   energygrp-flags[  0]: 0

Changing nstlist from 20 to 100, rlist from 1.2 to 1.297


Initializing Domain Decomposition on 200 ranks
Dynamic load balancing: auto
Using update groups, nr 3886, average size 3.0 atoms, max. radius 0.078 nm
Minimum cell size due to atom displacement: 0.296 nm
Scaling the initial minimum size with 1/0.8 (option -dds) = 1.25
Guess for relative PME load: 0.20
Will use 160 particle-particle and 40 PME only ranks
This is a guess, check the performance at the end of the log file
Using 40 separate PME ranks, as guessed by mdrun
Optimizing the DD grid for 160 cells with a minimum initial size of 0.370 nm
The maximum allowed number of cells is: X 13 Y 13 Z 13
Domain decomposition grid 8 x 5 x 4, separate PME ranks 40
PME domain decomposition: 8 x 5 x 1
Interleaving PP and PME ranks
This rank does only particle-particle work.
Domain decomposition rank 0, coordinates 0 0 0

The initial number of communication pulses is: X 3 Y 2 Z 2
The initial domain decomposition cell size is: X 0.62 nm Y 1.00 nm Z 1.25 nm

When dynamic load balancing gets turned on, these settings will change to:
The maximum number of communication pulses is: X 3 Y 3 Z 3
The minimum size for domain decomposition cells is 0.484 nm
The requested allowed shrink of DD cells (option -dds) is: 0.80
The allowed shrink of domain decomposition cells is: X 0.78 Y 0.48 Z 0.39
Using two step summing over 20 groups of on average 8.0 ranks


Using 200 MPI processes

Non-default thread affinity set, disabling internal thread affinity
System total charge: 0.000
Will do PME sum in reciprocal space for electrostatic interactions.

++++ PLEASE READ AND CITE THE FOLLOWING REFERENCE ++++
U. Essmann, L. Perera, M. L. Berkowitz, T. Darden, H. Lee and L. G. Pedersen 
A smooth particle mesh Ewald method
J. Chem. Phys. 103 (1995) pp. 8577-8592
-------- -------- --- Thank You --- -------- --------

Using a Gaussian width (1/beta) of 0.384195 nm for Ewald
Potential shift: LJ r^-12: -2.648e-01 r^-6: -5.349e-01, Ewald -8.333e-06
Initialized non-bonded Ewald tables, spacing: 1.02e-03 size: 1176


Using SIMD 4x8 nonbonded short-range kernels

Using a dual 4x8 pair-list setup updated with dynamic pruning:
  outer list: updated every 100 steps, buffer 0.097 nm, rlist 1.297 nm
  inner list: updated every  23 steps, buffer 0.001 nm, rlist 1.201 nm
At tolerance 0.005 kJ/mol/ps per atom, equivalent classical 1x1 list would be:
  outer list: updated every 100 steps, buffer 0.227 nm, rlist 1.427 nm
  inner list: updated every  23 steps, buffer 0.046 nm, rlist 1.246 nm

Removing pbc first time

++++ PLEASE READ AND CITE THE FOLLOWING REFERENCE ++++
S. Miyamoto and P. A. Kollman
SETTLE: An Analytical Version of the SHAKE and RATTLE Algorithms for Rigid
Water Models
J. Comp. Chem. 13 (1992) pp. 952-962
-------- -------- --- Thank You --- -------- --------


Linking all bonded interactions to atoms


Intra-simulation communication will occur every 20 steps.
There are: 11630 Atoms
Atom distribution over 160 domains: av 72 stddev 13 min 48 max 93

Constraining the starting coordinates (step 0)

Constraining the coordinates at t0-dt (step 0)
Center of mass motion removal mode is Linear
We have the following groups for center of mass motion removal:
  0:  SOLV
RMS relative constraint deviation after constraining: 0.00e+00
Initial temperature: 297.369 K

Started mdrun on rank 0 Thu Oct 12 16:51:06 2023

           Step           Time
              0        0.00000

   Energies (kJ/mol)
        LJ (SR)   Coulomb (SR)   Coul. recip.      Potential    Kinetic En.
    2.55804e+04   -2.12559e+05    7.52321e+02   -1.86226e+05    2.87719e+04
   Total Energy  Conserved En.    Temperature Pressure (bar)
   -1.57454e+05   -1.57454e+05    2.97406e+02   -1.67061e+03


DD  step 99 load imb.: force 22.8%  pme mesh/force 5.097

DD  step 999 load imb.: force 23.1%  pme mesh/force 1.030
           Step           Time
           1000        1.00000

   Energies (kJ/mol)
        LJ (SR)   Coulomb (SR)   Coul. recip.      Potential    Kinetic En.
    1.76172e+04   -1.86871e+05    4.90390e+02   -1.68764e+05    2.21411e+04
   Total Energy  Conserved En.    Temperature Pressure (bar)
   -1.46623e+05   -1.55713e+05    2.28865e+02   -2.35984e+03


DD  step 1999 load imb.: force 19.1%  pme mesh/force 1.164
           Step           Time
           2000        2.00000

   Energies (kJ/mol)
        LJ (SR)   Coulomb (SR)   Coul. recip.      Potential    Kinetic En.
    1.67891e+04   -1.80949e+05    5.31537e+02   -1.63628e+05    2.62453e+04
   Total Energy  Conserved En.    Temperature Pressure (bar)
   -1.37383e+05   -1.55218e+05    2.71290e+02   -1.81354e+03


DD  step 2999 load imb.: force 18.9%  pme mesh/force 1.061
           Step           Time
           3000        3.00000

   Energies (kJ/mol)
        LJ (SR)   Coulomb (SR)   Coul. recip.      Potential    Kinetic En.
    1.61143e+04   -1.76875e+05    6.11964e+02   -1.60148e+05    2.82385e+04
   Total Energy  Conserved En.    Temperature Pressure (bar)
   -1.31910e+05   -1.54984e+05    2.91892e+02   -1.42052e+03


DD  step 3999 load imb.: force 21.3%  pme mesh/force 1.048
           Step           Time
           4000        4.00000

   Energies (kJ/mol)
        LJ (SR)   Coulomb (SR)   Coul. recip.      Potential    Kinetic En.
    1.67089e+04   -1.77410e+05    5.76545e+02   -1.60125e+05    2.98301e+04
   Total Energy  Conserved En.    Temperature Pressure (bar)
   -1.30294e+05   -1.54747e+05    3.08344e+02   -1.10957e+03


DD  step 4999 load imb.: force 22.8%  pme mesh/force 1.077
           Step           Time
           5000        5.00000

   Energies (kJ/mol)
        LJ (SR)   Coulomb (SR)   Coul. recip.      Potential    Kinetic En.
    1.66286e+04   -1.77317e+05    5.59526e+02   -1.60128e+05    2.98329e+04
   Total Energy  Conserved En.    Temperature Pressure (bar)
   -1.30296e+05   -1.54639e+05    3.08373e+02   -1.18843e+03


DD  step 5999 load imb.: force 19.5%  pme mesh/force 1.059
           Step           Time
           6000        6.00000

   Energies (kJ/mol)
        LJ (SR)   Coulomb (SR)   Coul. recip.      Potential    Kinetic En.
    1.67427e+04   -1.77851e+05    5.52544e+02   -1.60555e+05    2.96274e+04
   Total Energy  Conserved En.    Temperature Pressure (bar)
   -1.30928e+05   -1.54574e+05    3.06249e+02   -1.17719e+03


DD  step 6999 load imb.: force 23.3%  pme mesh/force 1.064
           Step           Time
           7000        7.00000

   Energies (kJ/mol)
        LJ (SR)   Coulomb (SR)   Coul. recip.      Potential    Kinetic En.
    1.74852e+04   -1.79204e+05    6.06432e+02   -1.61112e+05    2.95408e+04
   Total Energy  Conserved En.    Temperature Pressure (bar)
   -1.31572e+05   -1.54543e+05    3.05353e+02   -9.40951e+02


DD  step 7999 load imb.: force 19.9%  pme mesh/force 1.060
           Step           Time
           8000        8.00000

   Energies (kJ/mol)
        LJ (SR)   Coulomb (SR)   Coul. recip.      Potential    Kinetic En.
    1.69940e+04   -1.78928e+05    5.79357e+02   -1.61354e+05    2.87338e+04
   Total Energy  Conserved En.    Temperature Pressure (bar)
   -1.32621e+05   -1.54548e+05    2.97012e+02   -1.22691e+03


DD  step 8999 load imb.: force 21.1%  pme mesh/force 1.111
           Step           Time
           9000        9.00000

   Energies (kJ/mol)
        LJ (SR)   Coulomb (SR)   Coul. recip.      Potential    Kinetic En.
    1.68032e+04   -1.78737e+05    5.36093e+02   -1.61398e+05    2.90266e+04
   Total Energy  Conserved En.    Temperature Pressure (bar)
   -1.32371e+05   -1.54549e+05    3.00038e+02   -1.26749e+03


DD  step 9999 load imb.: force 19.1%  pme mesh/force 1.049
           Step           Time
          10000       10.00000

   Energies (kJ/mol)
        LJ (SR)   Coulomb (SR)   Coul. recip.      Potential    Kinetic En.
    1.70883e+04   -1.78645e+05    6.06953e+02   -1.60950e+05    2.87671e+04
   Total Energy  Conserved En.    Temperature Pressure (bar)
   -1.32183e+05   -1.54613e+05    2.97356e+02   -1.09499e+03


DD  step 10999 load imb.: force 16.9%  pme mesh/force 1.265
           Step           Time
          11000       11.00000

   Energies (kJ/mol)
        LJ (SR)   Coulomb (SR)   Coul. recip.      Potential    Kinetic En.
    1.75774e+04   -1.79742e+05    5.55803e+02   -1.61608e+05    2.89326e+04
   Total Energy  Conserved En.    Temperature Pressure (bar)
   -1.32676e+05   -1.54602e+05    2.99067e+02   -9.88689e+02


DD  step 11999 load imb.: force 17.1%  pme mesh/force 1.142
           Step           Time
          12000       12.00000

   Energies (kJ/mol)
        LJ (SR)   Coulomb (SR)   Coul. recip.      Potential    Kinetic En.
    1.76169e+04   -1.79324e+05    5.94829e+02   -1.61112e+05    2.88724e+04
   Total Energy  Conserved En.    Temperature Pressure (bar)
   -1.32240e+05   -1.54588e+05    2.98444e+02   -8.72998e+02


DD  step 12999 load imb.: force 18.3%  pme mesh/force 1.082
           Step           Time
          13000       13.00000

   Energies (kJ/mol)
        LJ (SR)   Coulomb (SR)   Coul. recip.      Potential    Kinetic En.
    1.68281e+04   -1.78355e+05    5.90845e+02   -1.60936e+05    2.88422e+04
   Total Energy  Conserved En.    Temperature Pressure (bar)
   -1.32094e+05   -1.54595e+05    2.98132e+02   -1.19157e+03


DD  step 13999 load imb.: force 21.3%  pme mesh/force 1.054
           Step           Time
          14000       14.00000

   Energies (kJ/mol)
        LJ (SR)   Coulomb (SR)   Coul. recip.      Potential    Kinetic En.
    1.72476e+04   -1.78297e+05    6.47793e+02   -1.60402e+05    2.86721e+04
   Total Energy  Conserved En.    Temperature Pressure (bar)
   -1.31730e+05   -1.54587e+05    2.96374e+02   -9.15797e+02


DD  step 14999 load imb.: force 19.3%  pme mesh/force 1.082
           Step           Time
          15000       15.00000

   Energies (kJ/mol)
        LJ (SR)   Coulomb (SR)   Coul. recip.      Potential    Kinetic En.
    1.63678e+04   -1.77426e+05    5.63865e+02   -1.60495e+05    3.00338e+04
   Total Energy  Conserved En.    Temperature Pressure (bar)
   -1.30461e+05   -1.54537e+05    3.10449e+02   -1.32206e+03


DD  step 15999 load imb.: force 24.0%  pme mesh/force 1.123
           Step           Time
          16000       16.00000

   Energies (kJ/mol)
        LJ (SR)   Coulomb (SR)   Coul. recip.      Potential    Kinetic En.
    1.70275e+04   -1.79344e+05    6.17891e+02   -1.61698e+05    2.97568e+04
   Total Energy  Conserved En.    Temperature Pressure (bar)
   -1.31942e+05   -1.54496e+05    3.07586e+02   -1.23990e+03


DD  step 16999 load imb.: force 21.4%  pme mesh/force 1.033
           Step           Time
          17000       17.00000

   Energies (kJ/mol)
        LJ (SR)   Coulomb (SR)   Coul. recip.      Potential    Kinetic En.
    1.71179e+04   -1.79314e+05    5.77051e+02   -1.61619e+05    2.88226e+04
   Total Energy  Conserved En.    Temperature Pressure (bar)
   -1.32797e+05   -1.54514e+05    2.97929e+02   -1.20702e+03


DD  step 17999 load imb.: force 19.8%  pme mesh/force 1.097
           Step           Time
          18000       18.00000

   Energies (kJ/mol)
        LJ (SR)   Coulomb (SR)   Coul. recip.      Potential    Kinetic En.
    1.72435e+04   -1.79162e+05    5.67583e+02   -1.61351e+05    2.86319e+04
   Total Energy  Conserved En.    Temperature Pressure (bar)
   -1.32719e+05   -1.54521e+05    2.95959e+02   -1.09130e+03


DD  step 18999 load imb.: force 18.0%  pme mesh/force 1.036
           Step           Time
          19000       19.00000

   Energies (kJ/mol)
        LJ (SR)   Coulomb (SR)   Coul. recip.      Potential    Kinetic En.
    1.77927e+04   -1.79966e+05    5.47083e+02   -1.61626e+05    2.88130e+04
   Total Energy  Conserved En.    Temperature Pressure (bar)
   -1.32813e+05   -1.54535e+05    2.97831e+02   -9.13186e+02


DD  step 19999 load imb.: force 20.9%  pme mesh/force 1.075
           Step           Time
          20000       20.00000

   Energies (kJ/mol)
        LJ (SR)   Coulomb (SR)   Coul. recip.      Potential    Kinetic En.
    1.69273e+04   -1.78715e+05    6.14292e+02   -1.61174e+05    2.83139e+04
   Total Energy  Conserved En.    Temperature Pressure (bar)
   -1.32860e+05   -1.54544e+05    2.92671e+02   -1.21099e+03

step 20900: timed with pme grid 42 42 42, coulomb cutoff 1.200: 54.7 M-cycles

DD  step 20999 load imb.: force 20.5%  pme mesh/force 0.989
           Step           Time
          21000       21.00000

   Energies (kJ/mol)
        LJ (SR)   Coulomb (SR)   Coul. recip.      Potential    Kinetic En.
    1.67947e+04   -1.78322e+05    3.55141e+02   -1.61173e+05    2.88935e+04
   Total Energy  Conserved En.    Temperature Pressure (bar)
   -1.32279e+05   -1.54557e+05    2.98663e+02   -1.27025e+03

step 21100: timed with pme grid 36 36 36, coulomb cutoff 1.389: 69.9 M-cycles
step 21300: timed with pme grid 40 40 40, coulomb cutoff 1.250: 77.0 M-cycles
step 21500: timed with pme grid 42 42 42, coulomb cutoff 1.200: 51.3 M-cycles
step 21700: timed with pme grid 42 42 42, coulomb cutoff 1.200: 76.1 M-cycles
              optimal pme grid 42 42 42, coulomb cutoff 1.200

DD  step 21999 load imb.: force 27.8%  pme mesh/force 1.178
           Step           Time
          22000       22.00000

   Energies (kJ/mol)
        LJ (SR)   Coulomb (SR)   Coul. recip.      Potential    Kinetic En.
    1.72256e+04   -1.78490e+05    5.46942e+02   -1.60718e+05    2.91613e+04
   Total Energy  Conserved En.    Temperature Pressure (bar)
   -1.31557e+05   -1.54568e+05    3.01431e+02   -9.76291e+02


DD  step 22999 load imb.: force 21.1%  pme mesh/force 1.042
           Step           Time
          23000       23.00000

   Energies (kJ/mol)
        LJ (SR)   Coulomb (SR)   Coul. recip.      Potential    Kinetic En.
    1.72011e+04   -1.78800e+05    5.87882e+02   -1.61011e+05    2.96145e+04
   Total Energy  Conserved En.    Temperature Pressure (bar)
   -1.31396e+05   -1.54543e+05    3.06115e+02   -1.06296e+03


DD  step 23999 load imb.: force 13.4%  pme mesh/force 1.062
           Step           Time
          24000       24.00000

   Energies (kJ/mol)
        LJ (SR)   Coulomb (SR)   Coul. recip.      Potential    Kinetic En.
    1.69253e+04   -1.77902e+05    6.01476e+02   -1.60375e+05    2.95391e+04
   Total Energy  Conserved En.    Temperature Pressure (bar)
   -1.30836e+05   -1.54536e+05    3.05336e+02   -1.10950e+03


DD  step 24999 load imb.: force 20.3%  pme mesh/force 1.041
           Step           Time
          25000       25.00000

   Energies (kJ/mol)
        LJ (SR)   Coulomb (SR)   Coul. recip.      Potential    Kinetic En.
    1.69138e+04   -1.78375e+05    5.60957e+02   -1.60900e+05    2.91756e+04
   Total Energy  Conserved En.    Temperature Pressure (bar)
   -1.31725e+05   -1.54493e+05    3.01578e+02   -1.12696e+03


DD  step 25999 load imb.: force 18.4%  pme mesh/force 1.046
           Step           Time
          26000       26.00000

   Energies (kJ/mol)
        LJ (SR)   Coulomb (SR)   Coul. recip.      Potential    Kinetic En.
    1.66682e+04   -1.78446e+05    5.75612e+02   -1.61202e+05    2.90651e+04
   Total Energy  Conserved En.    Temperature Pressure (bar)
   -1.32137e+05   -1.54512e+05    3.00437e+02   -1.37124e+03


DD  step 26999 load imb.: force 21.9%  pme mesh/force 1.072
           Step           Time
          27000       27.00000

   Energies (kJ/mol)
        LJ (SR)   Coulomb (SR)   Coul. recip.      Potential    Kinetic En.
    1.62950e+04   -1.77235e+05    5.52360e+02   -1.60388e+05    2.94489e+04
   Total Energy  Conserved En.    Temperature Pressure (bar)
   -1.30939e+05   -1.54523e+05    3.04404e+02   -1.37671e+03


DD  step 27999 load imb.: force 21.8%  pme mesh/force 1.028
           Step           Time
          28000       28.00000

   Energies (kJ/mol)
        LJ (SR)   Coulomb (SR)   Coul. recip.      Potential    Kinetic En.
    1.69188e+04   -1.78722e+05    5.96887e+02   -1.61207e+05    2.84355e+04
   Total Energy  Conserved En.    Temperature Pressure (bar)
   -1.32771e+05   -1.54488e+05    2.93929e+02   -1.27720e+03


DD  step 28999 load imb.: force 22.1%  pme mesh/force 1.117
           Step           Time
          29000       29.00000

   Energies (kJ/mol)
        LJ (SR)   Coulomb (SR)   Coul. recip.      Potential    Kinetic En.
    1.68087e+04   -1.78916e+05    5.49620e+02   -1.61557e+05    2.89557e+04
   Total Energy  Conserved En.    Temperature Pressure (bar)
   -1.32602e+05   -1.54550e+05    2.99305e+02   -1.36131e+03


DD  step 29999 load imb.: force 22.0%  pme mesh/force 1.044
           Step           Time
          30000       30.00000

   Energies (kJ/mol)
        LJ (SR)   Coulomb (SR)   Coul. recip.      Potential    Kinetic En.
    1.71939e+04   -1.79066e+05    5.99438e+02   -1.61273e+05    2.85844e+04
   Total Energy  Conserved En.    Temperature Pressure (bar)
   -1.32689e+05   -1.54554e+05    2.95468e+02   -1.11068e+03


DD  step 30999 load imb.: force 17.4%  pme mesh/force 1.088
           Step           Time
          31000       31.00000

   Energies (kJ/mol)
        LJ (SR)   Coulomb (SR)   Coul. recip.      Potential    Kinetic En.
    1.79541e+04   -1.79377e+05    6.17455e+02   -1.60805e+05    2.98521e+04
   Total Energy  Conserved En.    Temperature Pressure (bar)
   -1.30953e+05   -1.54560e+05    3.08571e+02   -6.52721e+02


DD  step 31999 load imb.: force 15.1%  pme mesh/force 1.082
           Step           Time
          32000       32.00000

   Energies (kJ/mol)
        LJ (SR)   Coulomb (SR)   Coul. recip.      Potential    Kinetic En.
    1.74799e+04   -1.78926e+05    5.95837e+02   -1.60850e+05    2.89873e+04
   Total Energy  Conserved En.    Temperature Pressure (bar)
   -1.31863e+05   -1.54531e+05    2.99633e+02   -8.94007e+02


DD  step 32999 load imb.: force 22.3%  pme mesh/force 1.032
           Step           Time
          33000       33.00000

   Energies (kJ/mol)
        LJ (SR)   Coulomb (SR)   Coul. recip.      Potential    Kinetic En.
    1.72867e+04   -1.79205e+05    5.33487e+02   -1.61385e+05    2.88327e+04
   Total Energy  Conserved En.    Temperature Pressure (bar)
   -1.32552e+05   -1.54488e+05    2.98035e+02   -1.11073e+03


DD  step 33999 load imb.: force 21.2%  pme mesh/force 1.066
           Step           Time
          34000       34.00000

   Energies (kJ/mol)
        LJ (SR)   Coulomb (SR)   Coul. recip.      Potential    Kinetic En.
    1.69458e+04   -1.78455e+05    5.59539e+02   -1.60949e+05    2.87450e+04
   Total Energy  Conserved En.    Temperature Pressure (bar)
   -1.32204e+05   -1.54503e+05    2.97128e+02   -1.20583e+03


DD  step 34999 load imb.: force 23.8%  pme mesh/force 1.038
           Step           Time
          35000       35.00000

   Energies (kJ/mol)
        LJ (SR)   Coulomb (SR)   Coul. recip.      Potential    Kinetic En.
    1.64278e+04   -1.78081e+05    5.70449e+02   -1.61082e+05    2.90783e+04
   Total Energy  Conserved En.    Temperature Pressure (bar)
   -1.32004e+05   -1.54499e+05    3.00573e+02   -1.44852e+03


DD  step 35999 load imb.: force 19.0%  pme mesh/force 1.054
           Step           Time
          36000       36.00000

   Energies (kJ/mol)
        LJ (SR)   Coulomb (SR)   Coul. recip.      Potential    Kinetic En.
    1.77568e+04   -1.79376e+05    5.56931e+02   -1.61063e+05    2.92001e+04
   Total Energy  Conserved En.    Temperature Pressure (bar)
   -1.31863e+05   -1.54489e+05    3.01832e+02   -7.50252e+02


DD  step 36999 load imb.: force 21.3%  pme mesh/force 1.089
           Step           Time
          37000       37.00000

   Energies (kJ/mol)
        LJ (SR)   Coulomb (SR)   Coul. recip.      Potential    Kinetic En.
    1.68655e+04   -1.78928e+05    5.57088e+02   -1.61505e+05    2.87909e+04
   Total Energy  Conserved En.    Temperature Pressure (bar)
   -1.32715e+05   -1.54477e+05    2.97602e+02   -1.36155e+03


DD  step 37999 load imb.: force 20.4%  pme mesh/force 1.026
           Step           Time
          38000       38.00000

   Energies (kJ/mol)
        LJ (SR)   Coulomb (SR)   Coul. recip.      Potential    Kinetic En.
    1.74918e+04   -1.79632e+05    5.82920e+02   -1.61558e+05    2.91471e+04
   Total Energy  Conserved En.    Temperature Pressure (bar)
   -1.32410e+05   -1.54486e+05    3.01284e+02   -9.96489e+02


DD  step 38999 load imb.: force 15.9%  pme mesh/force 1.084
           Step           Time
          39000       39.00000

   Energies (kJ/mol)
        LJ (SR)   Coulomb (SR)   Coul. recip.      Potential    Kinetic En.
    1.69777e+04   -1.78056e+05    6.09215e+02   -1.60470e+05    2.89547e+04
   Total Energy  Conserved En.    Temperature Pressure (bar)
   -1.31515e+05   -1.54498e+05    2.99295e+02   -1.06428e+03


DD  step 39999 load imb.: force 20.2%  pme mesh/force 1.039
           Step           Time
          40000       40.00000

   Energies (kJ/mol)
        LJ (SR)   Coulomb (SR)   Coul. recip.      Potential    Kinetic En.
    1.64434e+04   -1.77490e+05    5.44979e+02   -1.60502e+05    2.92367e+04
   Total Energy  Conserved En.    Temperature Pressure (bar)
   -1.31265e+05   -1.54475e+05    3.02210e+02   -1.30825e+03


DD  step 40999 load imb.: force 19.0%  pme mesh/force 1.065
           Step           Time
          41000       41.00000

   Energies (kJ/mol)
        LJ (SR)   Coulomb (SR)   Coul. recip.      Potential    Kinetic En.
    1.71245e+04   -1.79179e+05    5.86290e+02   -1.61468e+05    2.90453e+04
   Total Energy  Conserved En.    Temperature Pressure (bar)
   -1.32423e+05   -1.54493e+05    3.00232e+02   -1.16575e+03


DD  step 41999 load imb.: force 20.6%  pme mesh/force 1.051
           Step           Time
          42000       42.00000

   Energies (kJ/mol)
        LJ (SR)   Coulomb (SR)   Coul. recip.      Potential    Kinetic En.
    1.69286e+04   -1.79012e+05    5.54800e+02   -1.61529e+05    2.86280e+04
   Total Energy  Conserved En.    Temperature Pressure (bar)
   -1.32901e+05   -1.54523e+05    2.95918e+02   -1.25092e+03


DD  step 42999 load imb.: force 20.4%  pme mesh/force 1.057
           Step           Time
          43000       43.00000

   Energies (kJ/mol)
        LJ (SR)   Coulomb (SR)   Coul. recip.      Potential    Kinetic En.
    1.60013e+04   -1.77345e+05    5.83465e+02   -1.60760e+05    2.91145e+04
   Total Energy  Conserved En.    Temperature Pressure (bar)
   -1.31646e+05   -1.54482e+05    3.00947e+02   -1.61155e+03


DD  step 43999 load imb.: force 22.2%  pme mesh/force 1.062
           Step           Time
          44000       44.00000

   Energies (kJ/mol)
        LJ (SR)   Coulomb (SR)   Coul. recip.      Potential    Kinetic En.
    1.73707e+04   -1.79737e+05    5.75862e+02   -1.61791e+05    2.88465e+04
   Total Energy  Conserved En.    Temperature Pressure (bar)
   -1.32944e+05   -1.54475e+05    2.98177e+02   -1.09646e+03


DD  step 44999 load imb.: force 20.2%  pme mesh/force 1.075
           Step           Time
          45000       45.00000

   Energies (kJ/mol)
        LJ (SR)   Coulomb (SR)   Coul. recip.      Potential    Kinetic En.
    1.67010e+04   -1.78342e+05    5.27584e+02   -1.61114e+05    2.87974e+04
   Total Energy  Conserved En.    Temperature Pressure (bar)
   -1.32316e+05   -1.54513e+05    2.97669e+02   -1.24772e+03


DD  step 45999 load imb.: force 22.4%  pme mesh/force 1.040
           Step           Time
          46000       46.00000

   Energies (kJ/mol)
        LJ (SR)   Coulomb (SR)   Coul. recip.      Potential    Kinetic En.
    1.68527e+04   -1.77997e+05    5.59884e+02   -1.60584e+05    2.96045e+04
   Total Energy  Conserved En.    Temperature Pressure (bar)
   -1.30980e+05   -1.54519e+05    3.06012e+02   -1.13179e+03


DD  step 46999 load imb.: force 22.1%  pme mesh/force 1.061
           Step           Time
          47000       47.00000

   Energies (kJ/mol)
        LJ (SR)   Coulomb (SR)   Coul. recip.      Potential    Kinetic En.
    1.67456e+04   -1.78120e+05    5.52128e+02   -1.60822e+05    2.88681e+04
   Total Energy  Conserved En.    Temperature Pressure (bar)
   -1.31954e+05   -1.54467e+05    2.98400e+02   -1.19118e+03


DD  step 47999 load imb.: force 22.4%  pme mesh/force 1.108
           Step           Time
          48000       48.00000

   Energies (kJ/mol)
        LJ (SR)   Coulomb (SR)   Coul. recip.      Potential    Kinetic En.
    1.66255e+04   -1.77911e+05    5.64381e+02   -1.60722e+05    2.86200e+04
   Total Energy  Conserved En.    Temperature Pressure (bar)
   -1.32102e+05   -1.54486e+05    2.95836e+02   -1.27657e+03


DD  step 48999 load imb.: force 22.2%  pme mesh/force 1.035
           Step           Time
          49000       49.00000

   Energies (kJ/mol)
        LJ (SR)   Coulomb (SR)   Coul. recip.      Potential    Kinetic En.
    1.68557e+04   -1.78683e+05    6.20601e+02   -1.61207e+05    2.89727e+04
   Total Energy  Conserved En.    Temperature Pressure (bar)
   -1.32234e+05   -1.54478e+05    2.99481e+02   -1.35836e+03


DD  step 49999 load imb.: force 16.2%  pme mesh/force 1.060
           Step           Time
          50000       50.00000

   Energies (kJ/mol)
        LJ (SR)   Coulomb (SR)   Coul. recip.      Potential    Kinetic En.
    1.66059e+04   -1.78216e+05    5.80010e+02   -1.61030e+05    2.91197e+04
   Total Energy  Conserved En.    Temperature Pressure (bar)
   -1.31910e+05   -1.54467e+05    3.01001e+02   -1.33822e+03


DD  step 50999 load imb.: force 21.6%  pme mesh/force 1.027
           Step           Time
          51000       51.00000

   Energies (kJ/mol)
        LJ (SR)   Coulomb (SR)   Coul. recip.      Potential    Kinetic En.
    1.69311e+04   -1.78412e+05    6.05138e+02   -1.60876e+05    2.86169e+04
   Total Energy  Conserved En.    Temperature Pressure (bar)
   -1.32259e+05   -1.54474e+05    2.95803e+02   -1.20455e+03


DD  step 51999 load imb.: force 21.1%  pme mesh/force 1.031
           Step           Time
          52000       52.00000

   Energies (kJ/mol)
        LJ (SR)   Coulomb (SR)   Coul. recip.      Potential    Kinetic En.
    1.68156e+04   -1.78037e+05    5.55296e+02   -1.60666e+05    2.88952e+04
   Total Energy  Conserved En.    Temperature Pressure (bar)
   -1.31771e+05   -1.54420e+05    2.98681e+02   -1.22674e+03


DD  step 52999 load imb.: force 21.7%  pme mesh/force 1.093
           Step           Time
          53000       53.00000

   Energies (kJ/mol)
        LJ (SR)   Coulomb (SR)   Coul. recip.      Potential    Kinetic En.
    1.74510e+04   -1.78463e+05    5.60735e+02   -1.60451e+05    2.89327e+04
   Total Energy  Conserved En.    Temperature Pressure (bar)
   -1.31518e+05   -1.54442e+05    2.99067e+02   -7.91146e+02


DD  step 53999 load imb.: force 19.3%  pme mesh/force 1.055
           Step           Time
          54000       54.00000

   Energies (kJ/mol)
        LJ (SR)   Coulomb (SR)   Coul. recip.      Potential    Kinetic En.
    1.72009e+04   -1.79145e+05    5.53148e+02   -1.61391e+05    2.90804e+04
   Total Energy  Conserved En.    Temperature Pressure (bar)
   -1.32310e+05   -1.54404e+05    3.00595e+02   -1.14938e+03


DD  step 54999 load imb.: force 16.3%  pme mesh/force 1.085
           Step           Time
          55000       55.00000

   Energies (kJ/mol)
        LJ (SR)   Coulomb (SR)   Coul. recip.      Potential    Kinetic En.
    1.66639e+04   -1.78552e+05    6.03722e+02   -1.61285e+05    2.86889e+04
   Total Energy  Conserved En.    Temperature Pressure (bar)
   -1.32596e+05   -1.54408e+05    2.96548e+02   -1.40721e+03


DD  step 55999 load imb.: force 15.3%  pme mesh/force 1.233
           Step           Time
          56000       56.00000

   Energies (kJ/mol)
        LJ (SR)   Coulomb (SR)   Coul. recip.      Potential    Kinetic En.
    1.71014e+04   -1.78441e+05    5.65583e+02   -1.60774e+05    2.89150e+04
   Total Energy  Conserved En.    Temperature Pressure (bar)
   -1.31859e+05   -1.54418e+05    2.98885e+02   -1.11827e+03


DD  step 56999 load imb.: force 16.3%  pme mesh/force 1.046
           Step           Time
          57000       57.00000

   Energies (kJ/mol)
        LJ (SR)   Coulomb (SR)   Coul. recip.      Potential    Kinetic En.
    1.73974e+04   -1.78834e+05    5.58022e+02   -1.60878e+05    2.91115e+04
   Total Energy  Conserved En.    Temperature Pressure (bar)
   -1.31767e+05   -1.54392e+05    3.00916e+02   -9.72994e+02


DD  step 57999 load imb.: force 17.3%  pme mesh/force 1.076
           Step           Time
          58000       58.00000

   Energies (kJ/mol)
        LJ (SR)   Coulomb (SR)   Coul. recip.      Potential    Kinetic En.
    1.68049e+04   -1.78825e+05    6.15519e+02   -1.61404e+05    2.86170e+04
   Total Energy  Conserved En.    Temperature Pressure (bar)
   -1.32787e+05   -1.54389e+05    2.95804e+02   -1.33468e+03


DD  step 58999 load imb.: force 21.3%  pme mesh/force 1.078
           Step           Time
          59000       59.00000

   Energies (kJ/mol)
        LJ (SR)   Coulomb (SR)   Coul. recip.      Potential    Kinetic En.
    1.73149e+04   -1.79038e+05    5.96822e+02   -1.61127e+05    2.84479e+04
   Total Energy  Conserved En.    Temperature Pressure (bar)
   -1.32679e+05   -1.54426e+05    2.94056e+02   -9.89788e+02


DD  step 59999 load imb.: force 16.6%  pme mesh/force 1.046
           Step           Time
          60000       60.00000

   Energies (kJ/mol)
        LJ (SR)   Coulomb (SR)   Coul. recip.      Potential    Kinetic En.
    1.68439e+04   -1.79130e+05    5.51347e+02   -1.61735e+05    2.89438e+04
   Total Energy  Conserved En.    Temperature Pressure (bar)
   -1.32791e+05   -1.54448e+05    2.99183e+02   -1.35896e+03


DD  step 60999 load imb.: force 21.6%  pme mesh/force 1.038
           Step           Time
          61000       61.00000

   Energies (kJ/mol)
        LJ (SR)   Coulomb (SR)   Coul. recip.      Potential    Kinetic En.
    1.71129e+04   -1.78894e+05    5.64647e+02   -1.61216e+05    2.88481e+04
   Total Energy  Conserved En.    Temperature Pressure (bar)
   -1.32368e+05   -1.54465e+05    2.98193e+02   -1.10628e+03


DD  step 61999 load imb.: force 23.1%  pme mesh/force 1.028
           Step           Time
          62000       62.00000

   Energies (kJ/mol)
        LJ (SR)   Coulomb (SR)   Coul. recip.      Potential    Kinetic En.
    1.68956e+04   -1.78072e+05    5.48322e+02   -1.60628e+05    2.90183e+04
   Total Energy  Conserved En.    Temperature Pressure (bar)
   -1.31610e+05   -1.54430e+05    2.99953e+02   -1.09355e+03


DD  step 62999 load imb.: force 24.8%  pme mesh/force 1.047
           Step           Time
          63000       63.00000

   Energies (kJ/mol)
        LJ (SR)   Coulomb (SR)   Coul. recip.      Potential    Kinetic En.
    1.69063e+04   -1.78950e+05    5.46982e+02   -1.61497e+05    2.93523e+04
   Total Energy  Conserved En.    Temperature Pressure (bar)
   -1.32145e+05   -1.54402e+05    3.03405e+02   -1.31123e+03


DD  step 63999 load imb.: force 19.4%  pme mesh/force 1.073
           Step           Time
          64000       64.00000

   Energies (kJ/mol)
        LJ (SR)   Coulomb (SR)   Coul. recip.      Potential    Kinetic En.
    1.72456e+04   -1.79225e+05    5.96057e+02   -1.61384e+05    2.87484e+04
   Total Energy  Conserved En.    Temperature Pressure (bar)
   -1.32635e+05   -1.54440e+05    2.97163e+02   -1.11414e+03


DD  step 64999 load imb.: force 17.3%  pme mesh/force 1.059
           Step           Time
          65000       65.00000

   Energies (kJ/mol)
        LJ (SR)   Coulomb (SR)   Coul. recip.      Potential    Kinetic En.
    1.73428e+04   -1.79709e+05    5.61378e+02   -1.61805e+05    2.91894e+04
   Total Energy  Conserved En.    Temperature Pressure (bar)
   -1.32615e+05   -1.54471e+05    3.01721e+02   -1.02764e+03


DD  step 65999 load imb.: force 18.6%  pme mesh/force 1.085
           Step           Time
          66000       66.00000

   Energies (kJ/mol)
        LJ (SR)   Coulomb (SR)   Coul. recip.      Potential    Kinetic En.
    1.70089e+04   -1.77975e+05    5.74023e+02   -1.60392e+05    2.89137e+04
   Total Energy  Conserved En.    Temperature Pressure (bar)
   -1.31478e+05   -1.54494e+05    2.98872e+02   -1.00567e+03


DD  step 66999 load imb.: force 16.2%  pme mesh/force 1.122
           Step           Time
          67000       67.00000

   Energies (kJ/mol)
        LJ (SR)   Coulomb (SR)   Coul. recip.      Potential    Kinetic En.
    1.67070e+04   -1.77912e+05    6.02092e+02   -1.60603e+05    2.91812e+04
   Total Energy  Conserved En.    Temperature Pressure (bar)
   -1.31422e+05   -1.54479e+05    3.01636e+02   -1.26622e+03


DD  step 67999 load imb.: force 19.6%  pme mesh/force 1.135
           Step           Time
          68000       68.00000

   Energies (kJ/mol)
        LJ (SR)   Coulomb (SR)   Coul. recip.      Potential    Kinetic En.
    1.67179e+04   -1.77597e+05    5.76209e+02   -1.60302e+05    2.95001e+04
   Total Energy  Conserved En.    Temperature Pressure (bar)
   -1.30802e+05   -1.54433e+05    3.04933e+02   -1.19531e+03


DD  step 68999 load imb.: force 14.8%  pme mesh/force 1.070
           Step           Time
          69000       69.00000

   Energies (kJ/mol)
        LJ (SR)   Coulomb (SR)   Coul. recip.      Potential    Kinetic En.
    1.67808e+04   -1.77906e+05    5.72528e+02   -1.60553e+05    2.91060e+04
   Total Energy  Conserved En.    Temperature Pressure (bar)
   -1.31447e+05   -1.54385e+05    3.00859e+02   -1.21000e+03


DD  step 69999 load imb.: force 22.5%  pme mesh/force 1.039
           Step           Time
          70000       70.00000

   Energies (kJ/mol)
        LJ (SR)   Coulomb (SR)   Coul. recip.      Potential    Kinetic En.
    1.73492e+04   -1.79206e+05    5.20223e+02   -1.61337e+05    2.90866e+04
   Total Energy  Conserved En.    Temperature Pressure (bar)
   -1.32250e+05   -1.54396e+05    3.00659e+02   -1.03406e+03


DD  step 70999 load imb.: force 21.5%  pme mesh/force 1.034
           Step           Time
          71000       71.00000

   Energies (kJ/mol)
        LJ (SR)   Coulomb (SR)   Coul. recip.      Potential    Kinetic En.
    1.70849e+04   -1.78966e+05    5.67818e+02   -1.61313e+05    2.88348e+04
   Total Energy  Conserved En.    Temperature Pressure (bar)
   -1.32479e+05   -1.54440e+05    2.98056e+02   -1.18820e+03


DD  step 71999 load imb.: force 20.1%  pme mesh/force 1.034
           Step           Time
          72000       72.00000

   Energies (kJ/mol)
        LJ (SR)   Coulomb (SR)   Coul. recip.      Potential    Kinetic En.
    1.64552e+04   -1.77471e+05    5.59247e+02   -1.60456e+05    2.92120e+04
   Total Energy  Conserved En.    Temperature Pressure (bar)
   -1.31244e+05   -1.54394e+05    3.01955e+02   -1.36402e+03


DD  step 72999 load imb.: force 17.6%  pme mesh/force 1.063
           Step           Time
          73000       73.00000

   Energies (kJ/mol)
        LJ (SR)   Coulomb (SR)   Coul. recip.      Potential    Kinetic En.
    1.70486e+04   -1.78584e+05    6.09386e+02   -1.60926e+05    2.94208e+04
   Total Energy  Conserved En.    Temperature Pressure (bar)
   -1.31505e+05   -1.54368e+05    3.04113e+02   -1.08988e+03


DD  step 73999 load imb.: force 20.2%  pme mesh/force 1.124
           Step           Time
          74000       74.00000

   Energies (kJ/mol)
        LJ (SR)   Coulomb (SR)   Coul. recip.      Potential    Kinetic En.
    1.70834e+04   -1.78434e+05    6.09562e+02   -1.60741e+05    2.94456e+04
   Total Energy  Conserved En.    Temperature Pressure (bar)
   -1.31295e+05   -1.54393e+05    3.04369e+02   -1.08246e+03


DD  step 74999 load imb.: force 17.6%  pme mesh/force 1.056
           Step           Time
          75000       75.00000

   Energies (kJ/mol)
        LJ (SR)   Coulomb (SR)   Coul. recip.      Potential    Kinetic En.
    1.75610e+04   -1.79126e+05    5.80211e+02   -1.60985e+05    2.89226e+04
   Total Energy  Conserved En.    Temperature Pressure (bar)
   -1.32062e+05   -1.54375e+05    2.98964e+02   -8.90156e+02


DD  step 75999 load imb.: force 17.6%  pme mesh/force 1.091
           Step           Time
          76000       76.00000

   Energies (kJ/mol)
        LJ (SR)   Coulomb (SR)   Coul. recip.      Potential    Kinetic En.
    1.76935e+04   -1.79316e+05    5.84971e+02   -1.61038e+05    2.85654e+04
   Total Energy  Conserved En.    Temperature Pressure (bar)
   -1.32472e+05   -1.54370e+05    2.95271e+02   -8.82875e+02


DD  step 76999 load imb.: force 24.0%  pme mesh/force 1.030
           Step           Time
          77000       77.00000

   Energies (kJ/mol)
        LJ (SR)   Coulomb (SR)   Coul. recip.      Potential    Kinetic En.
    1.75360e+04   -1.79306e+05    5.42760e+02   -1.61227e+05    2.88836e+04
   Total Energy  Conserved En.    Temperature Pressure (bar)
   -1.32344e+05   -1.54363e+05    2.98560e+02   -9.43523e+02


DD  step 77999 load imb.: force 18.5%  pme mesh/force 1.079
           Step           Time
          78000       78.00000

   Energies (kJ/mol)
        LJ (SR)   Coulomb (SR)   Coul. recip.      Potential    Kinetic En.
    1.75651e+04   -1.78733e+05    5.51843e+02   -1.60616e+05    2.91676e+04
   Total Energy  Conserved En.    Temperature Pressure (bar)
   -1.31448e+05   -1.54358e+05    3.01496e+02   -7.86783e+02


DD  step 78999 load imb.: force 19.5%  pme mesh/force 1.109
           Step           Time
          79000       79.00000

   Energies (kJ/mol)
        LJ (SR)   Coulomb (SR)   Coul. recip.      Potential    Kinetic En.
    1.76078e+04   -1.79974e+05    5.37644e+02   -1.61829e+05    2.84805e+04
   Total Energy  Conserved En.    Temperature Pressure (bar)
   -1.33348e+05   -1.54343e+05    2.94394e+02   -1.03352e+03


DD  step 79999 load imb.: force 22.7%  pme mesh/force 1.040
           Step           Time
          80000       80.00000

   Energies (kJ/mol)
        LJ (SR)   Coulomb (SR)   Coul. recip.      Potential    Kinetic En.
    1.66053e+04   -1.78276e+05    5.83312e+02   -1.61087e+05    2.89874e+04
   Total Energy  Conserved En.    Temperature Pressure (bar)
   -1.32100e+05   -1.54369e+05    2.99634e+02   -1.36591e+03


DD  step 80999 load imb.: force 17.7%  pme mesh/force 1.087
           Step           Time
          81000       81.00000

   Energies (kJ/mol)
        LJ (SR)   Coulomb (SR)   Coul. recip.      Potential    Kinetic En.
    1.70280e+04   -1.79128e+05    5.59942e+02   -1.61540e+05    2.86573e+04
   Total Energy  Conserved En.    Temperature Pressure (bar)
   -1.32882e+05   -1.54345e+05    2.96221e+02   -1.22393e+03


DD  step 81999 load imb.: force 15.5%  pme mesh/force 1.075
           Step           Time
          82000       82.00000

   Energies (kJ/mol)
        LJ (SR)   Coulomb (SR)   Coul. recip.      Potential    Kinetic En.
    1.72680e+04   -1.79202e+05    5.67253e+02   -1.61367e+05    2.88391e+04
   Total Energy  Conserved En.    Temperature Pressure (bar)
   -1.32528e+05   -1.54360e+05    2.98100e+02   -1.11774e+03


DD  step 82999 load imb.: force 17.0%  pme mesh/force 1.111
           Step           Time
          83000       83.00000

   Energies (kJ/mol)
        LJ (SR)   Coulomb (SR)   Coul. recip.      Potential    Kinetic En.
    1.77729e+04   -1.80133e+05    5.75516e+02   -1.61784e+05    2.85231e+04
   Total Energy  Conserved En.    Temperature Pressure (bar)
   -1.33261e+05   -1.54400e+05    2.94834e+02   -9.82040e+02


DD  step 83999 load imb.: force 16.3%  pme mesh/force 1.138
           Step           Time
          84000       84.00000

   Energies (kJ/mol)
        LJ (SR)   Coulomb (SR)   Coul. recip.      Potential    Kinetic En.
    1.64321e+04   -1.78261e+05    5.66340e+02   -1.61262e+05    2.87030e+04
   Total Energy  Conserved En.    Temperature Pressure (bar)
   -1.32559e+05   -1.54384e+05    2.96694e+02   -1.51863e+03


DD  step 84999 load imb.: force 23.2%  pme mesh/force 1.017
           Step           Time
          85000       85.00000

   Energies (kJ/mol)
        LJ (SR)   Coulomb (SR)   Coul. recip.      Potential    Kinetic En.
    1.70884e+04   -1.79537e+05    5.93200e+02   -1.61856e+05    2.94697e+04
   Total Energy  Conserved En.    Temperature Pressure (bar)
   -1.32386e+05   -1.54372e+05    3.04619e+02   -1.21792e+03


DD  step 85999 load imb.: force 16.8%  pme mesh/force 1.118
           Step           Time
          86000       86.00000

   Energies (kJ/mol)
        LJ (SR)   Coulomb (SR)   Coul. recip.      Potential    Kinetic En.
    1.69335e+04   -1.78099e+05    5.79167e+02   -1.60587e+05    2.95199e+04
   Total Energy  Conserved En.    Temperature Pressure (bar)
   -1.31067e+05   -1.54353e+05    3.05137e+02   -1.08514e+03


DD  step 86999 load imb.: force 24.3%  pme mesh/force 1.032
           Step           Time
          87000       87.00000

   Energies (kJ/mol)
        LJ (SR)   Coulomb (SR)   Coul. recip.      Potential    Kinetic En.
    1.73250e+04   -1.78764e+05    5.46786e+02   -1.60892e+05    2.88835e+04
   Total Energy  Conserved En.    Temperature Pressure (bar)
   -1.32009e+05   -1.54361e+05    2.98559e+02   -9.81925e+02


DD  step 87999 load imb.: force 21.1%  pme mesh/force 1.038
           Step           Time
          88000       88.00000

   Energies (kJ/mol)
        LJ (SR)   Coulomb (SR)   Coul. recip.      Potential    Kinetic En.
    1.70403e+04   -1.78591e+05    6.04229e+02   -1.60946e+05    2.87265e+04
   Total Energy  Conserved En.    Temperature Pressure (bar)
   -1.32220e+05   -1.54330e+05    2.96937e+02   -1.11959e+03


DD  step 88999 load imb.: force 22.0%  pme mesh/force 1.029
           Step           Time
          89000       89.00000

   Energies (kJ/mol)
        LJ (SR)   Coulomb (SR)   Coul. recip.      Potential    Kinetic En.
    1.69683e+04   -1.78676e+05    5.65844e+02   -1.61142e+05    2.87385e+04
   Total Energy  Conserved En.    Temperature Pressure (bar)
   -1.32404e+05   -1.54364e+05    2.97060e+02   -1.18481e+03


DD  step 89999 load imb.: force 21.2%  pme mesh/force 1.070
           Step           Time
          90000       90.00000

   Energies (kJ/mol)
        LJ (SR)   Coulomb (SR)   Coul. recip.      Potential    Kinetic En.
    1.72573e+04   -1.79427e+05    5.49828e+02   -1.61620e+05    2.92663e+04
   Total Energy  Conserved En.    Temperature Pressure (bar)
   -1.32353e+05   -1.54388e+05    3.02516e+02   -1.08073e+03


DD  step 90999 load imb.: force 20.0%  pme mesh/force 1.048
           Step           Time
          91000       91.00000

   Energies (kJ/mol)
        LJ (SR)   Coulomb (SR)   Coul. recip.      Potential    Kinetic En.
    1.72288e+04   -1.78659e+05    5.96917e+02   -1.60833e+05    2.90365e+04
   Total Energy  Conserved En.    Temperature Pressure (bar)
   -1.31797e+05   -1.54393e+05    3.00141e+02   -1.03872e+03


DD  step 91999 load imb.: force 21.5%  pme mesh/force 1.125
           Step           Time
          92000       92.00000

   Energies (kJ/mol)
        LJ (SR)   Coulomb (SR)   Coul. recip.      Potential    Kinetic En.
    1.74135e+04   -1.79375e+05    5.88345e+02   -1.61373e+05    2.88618e+04
   Total Energy  Conserved En.    Temperature Pressure (bar)
   -1.32512e+05   -1.54366e+05    2.98334e+02   -1.00020e+03


DD  step 92999 load imb.: force 20.2%  pme mesh/force 1.060
           Step           Time
          93000       93.00000

   Energies (kJ/mol)
        LJ (SR)   Coulomb (SR)   Coul. recip.      Potential    Kinetic En.
    1.70195e+04   -1.79004e+05    6.00266e+02   -1.61385e+05    2.91178e+04
   Total Energy  Conserved En.    Temperature Pressure (bar)
   -1.32267e+05   -1.54366e+05    3.00981e+02   -1.23531e+03


DD  step 93999 load imb.: force 23.1%  pme mesh/force 1.015
           Step           Time
          94000       94.00000

   Energies (kJ/mol)
        LJ (SR)   Coulomb (SR)   Coul. recip.      Potential    Kinetic En.
    1.70876e+04   -1.78644e+05    5.41978e+02   -1.61014e+05    2.86438e+04
   Total Energy  Conserved En.    Temperature Pressure (bar)
   -1.32370e+05   -1.54398e+05    2.96082e+02   -1.10356e+03


DD  step 94999 load imb.: force 19.1%  pme mesh/force 1.089
           Step           Time
          95000       95.00000

   Energies (kJ/mol)
        LJ (SR)   Coulomb (SR)   Coul. recip.      Potential    Kinetic En.
    1.72398e+04   -1.78089e+05    5.36755e+02   -1.60312e+05    2.95033e+04
   Total Energy  Conserved En.    Temperature Pressure (bar)
   -1.30809e+05   -1.54344e+05    3.04966e+02   -8.90543e+02


DD  step 95999 load imb.: force 23.6%  pme mesh/force 1.031
           Step           Time
          96000       96.00000

   Energies (kJ/mol)
        LJ (SR)   Coulomb (SR)   Coul. recip.      Potential    Kinetic En.
    1.66812e+04   -1.78044e+05    6.03967e+02   -1.60759e+05    2.87471e+04
   Total Energy  Conserved En.    Temperature Pressure (bar)
   -1.32012e+05   -1.54313e+05    2.97149e+02   -1.26644e+03


DD  step 96999 load imb.: force 16.1%  pme mesh/force 1.176
           Step           Time
          97000       97.00000

   Energies (kJ/mol)
        LJ (SR)   Coulomb (SR)   Coul. recip.      Potential    Kinetic En.
    1.78036e+04   -1.79380e+05    5.70930e+02   -1.61006e+05    2.96637e+04
   Total Energy  Conserved En.    Temperature Pressure (bar)
   -1.31342e+05   -1.54320e+05    3.06624e+02   -7.39049e+02


DD  step 97999 load imb.: force 16.6%  pme mesh/force 1.097
           Step           Time
          98000       98.00000

   Energies (kJ/mol)
        LJ (SR)   Coulomb (SR)   Coul. recip.      Potential    Kinetic En.
    1.70148e+04   -1.78809e+05    5.74071e+02   -1.61220e+05    2.91432e+04
   Total Energy  Conserved En.    Temperature Pressure (bar)
   -1.32077e+05   -1.54337e+05    3.01244e+02   -1.11774e+03


DD  step 98999 load imb.: force 18.5%  pme mesh/force 1.050
           Step           Time
          99000       99.00000

   Energies (kJ/mol)
        LJ (SR)   Coulomb (SR)   Coul. recip.      Potential    Kinetic En.
    1.70314e+04   -1.78250e+05    5.75190e+02   -1.60643e+05    2.89345e+04
   Total Energy  Conserved En.    Temperature Pressure (bar)
   -1.31709e+05   -1.54394e+05    2.99087e+02   -1.07802e+03


DD  step 99999 load imb.: force 19.4%  pme mesh/force 1.035
           Step           Time
         100000      100.00000

   Energies (kJ/mol)
        LJ (SR)   Coulomb (SR)   Coul. recip.      Potential    Kinetic En.
    1.68158e+04   -1.78098e+05    5.79997e+02   -1.60702e+05    2.93128e+04
   Total Energy  Conserved En.    Temperature Pressure (bar)
   -1.31389e+05   -1.54376e+05    3.02997e+02   -1.24253e+03


DD  step 100999 load imb.: force 25.7%  pme mesh/force 1.069
           Step           Time
         101000      101.00000

   Energies (kJ/mol)
        LJ (SR)   Coulomb (SR)   Coul. recip.      Potential    Kinetic En.
    1.69934e+04   -1.78730e+05    5.64464e+02   -1.61172e+05    2.95482e+04
   Total Energy  Conserved En.    Temperature Pressure (bar)
   -1.31624e+05   -1.54342e+05    3.05430e+02   -1.15873e+03


DD  step 101999 load imb.: force 22.5%  pme mesh/force 1.042
           Step           Time
         102000      102.00000

   Energies (kJ/mol)
        LJ (SR)   Coulomb (SR)   Coul. recip.      Potential    Kinetic En.
    1.59930e+04   -1.76797e+05    5.57859e+02   -1.60247e+05    2.95617e+04
   Total Energy  Conserved En.    Temperature Pressure (bar)
   -1.30685e+05   -1.54301e+05    3.05570e+02   -1.49763e+03


DD  step 102999 load imb.: force 22.2%  pme mesh/force 1.058
           Step           Time
         103000      103.00000

   Energies (kJ/mol)
        LJ (SR)   Coulomb (SR)   Coul. recip.      Potential    Kinetic En.
    1.74353e+04   -1.79719e+05    5.54731e+02   -1.61729e+05    2.86187e+04
   Total Energy  Conserved En.    Temperature Pressure (bar)
   -1.33110e+05   -1.54277e+05    2.95822e+02   -1.04232e+03


DD  step 103999 load imb.: force 22.8%  pme mesh/force 1.029
           Step           Time
         104000      104.00000

   Energies (kJ/mol)
        LJ (SR)   Coulomb (SR)   Coul. recip.      Potential    Kinetic En.
    1.74332e+04   -1.78916e+05    5.81080e+02   -1.60902e+05    2.83499e+04
   Total Energy  Conserved En.    Temperature Pressure (bar)
   -1.32552e+05   -1.54288e+05    2.93044e+02   -9.24745e+02


DD  step 104999 load imb.: force 16.9%  pme mesh/force 1.045
           Step           Time
         105000      105.00000

   Energies (kJ/mol)
        LJ (SR)   Coulomb (SR)   Coul. recip.      Potential    Kinetic En.
    1.77225e+04   -1.79519e+05    5.44584e+02   -1.61252e+05    2.84901e+04
   Total Energy  Conserved En.    Temperature Pressure (bar)
   -1.32762e+05   -1.54330e+05    2.94493e+02   -8.26384e+02


DD  step 105999 load imb.: force 20.2%  pme mesh/force 1.078
           Step           Time
         106000      106.00000

   Energies (kJ/mol)
        LJ (SR)   Coulomb (SR)   Coul. recip.      Potential    Kinetic En.
    1.79415e+04   -1.80511e+05    5.44098e+02   -1.62026e+05    2.82887e+04
   Total Energy  Conserved En.    Temperature Pressure (bar)
   -1.33737e+05   -1.54347e+05    2.92411e+02   -9.11894e+02


DD  step 106999 load imb.: force 19.6%  pme mesh/force 1.043
           Step           Time
         107000      107.00000

   Energies (kJ/mol)
        LJ (SR)   Coulomb (SR)   Coul. recip.      Potential    Kinetic En.
    1.62027e+04   -1.77701e+05    5.68780e+02   -1.60929e+05    2.88598e+04
   Total Energy  Conserved En.    Temperature Pressure (bar)
   -1.32069e+05   -1.54345e+05    2.98314e+02   -1.56872e+03


DD  step 107999 load imb.: force 18.9%  pme mesh/force 1.082
           Step           Time
         108000      108.00000

   Energies (kJ/mol)
        LJ (SR)   Coulomb (SR)   Coul. recip.      Potential    Kinetic En.
    1.75854e+04   -1.79066e+05    5.44663e+02   -1.60936e+05    2.90234e+04
   Total Energy  Conserved En.    Temperature Pressure (bar)
   -1.31912e+05   -1.54323e+05    3.00005e+02   -8.54997e+02


DD  step 108999 load imb.: force 18.9%  pme mesh/force 1.063
           Step           Time
         109000      109.00000

   Energies (kJ/mol)
        LJ (SR)   Coulomb (SR)   Coul. recip.      Potential    Kinetic En.
    1.74065e+04   -1.78872e+05    5.80373e+02   -1.60885e+05    2.86594e+04
   Total Energy  Conserved En.    Temperature Pressure (bar)
   -1.32225e+05   -1.54291e+05    2.96242e+02   -9.28648e+02


DD  step 109999 load imb.: force 19.5%  pme mesh/force 1.069
           Step           Time
         110000      110.00000

   Energies (kJ/mol)
        LJ (SR)   Coulomb (SR)   Coul. recip.      Potential    Kinetic En.
    1.70497e+04   -1.78533e+05    5.52135e+02   -1.60931e+05    2.82548e+04
   Total Energy  Conserved En.    Temperature Pressure (bar)
   -1.32677e+05   -1.54299e+05    2.92060e+02   -1.11235e+03


DD  step 110999 load imb.: force 15.0%  pme mesh/force 1.108
           Step           Time
         111000      111.00000

   Energies (kJ/mol)
        LJ (SR)   Coulomb (SR)   Coul. recip.      Potential    Kinetic En.
    1.67721e+04   -1.78365e+05    5.83371e+02   -1.61009e+05    2.88892e+04
   Total Energy  Conserved En.    Temperature Pressure (bar)
   -1.32120e+05   -1.54303e+05    2.98618e+02   -1.27519e+03


DD  step 111999 load imb.: force 20.3%  pme mesh/force 1.071
           Step           Time
         112000      112.00000

   Energies (kJ/mol)
        LJ (SR)   Coulomb (SR)   Coul. recip.      Potential    Kinetic En.
    1.64514e+04   -1.77714e+05    5.49920e+02   -1.60712e+05    2.91884e+04
   Total Energy  Conserved En.    Temperature Pressure (bar)
   -1.31524e+05   -1.54257e+05    3.01711e+02   -1.33392e+03


DD  step 112999 load imb.: force 22.6%  pme mesh/force 1.028
           Step           Time
         113000      113.00000

   Energies (kJ/mol)
        LJ (SR)   Coulomb (SR)   Coul. recip.      Potential    Kinetic En.
    1.77298e+04   -1.79350e+05    5.51176e+02   -1.61069e+05    2.91057e+04
   Total Energy  Conserved En.    Temperature Pressure (bar)
   -1.31963e+05   -1.54275e+05    3.00856e+02   -7.94911e+02


DD  step 113999 load imb.: force 24.6%  pme mesh/force 1.109
           Step           Time
         114000      114.00000

   Energies (kJ/mol)
        LJ (SR)   Coulomb (SR)   Coul. recip.      Potential    Kinetic En.
    1.75337e+04   -1.79660e+05    5.70329e+02   -1.61556e+05    2.89546e+04
   Total Energy  Conserved En.    Temperature Pressure (bar)
   -1.32601e+05   -1.54257e+05    2.99294e+02   -9.95871e+02


DD  step 114999 load imb.: force 20.9%  pme mesh/force 1.269
           Step           Time
         115000      115.00000

   Energies (kJ/mol)
        LJ (SR)   Coulomb (SR)   Coul. recip.      Potential    Kinetic En.
    1.72318e+04   -1.79096e+05    5.21857e+02   -1.61342e+05    2.85503e+04
   Total Energy  Conserved En.    Temperature Pressure (bar)
   -1.32792e+05   -1.54291e+05    2.95115e+02   -1.08447e+03


DD  step 115999 load imb.: force 22.4%  pme mesh/force 1.106
           Step           Time
         116000      116.00000

   Energies (kJ/mol)
        LJ (SR)   Coulomb (SR)   Coul. recip.      Potential    Kinetic En.
    1.69879e+04   -1.78482e+05    5.44365e+02   -1.60950e+05    2.87756e+04
   Total Energy  Conserved En.    Temperature Pressure (bar)
   -1.32174e+05   -1.54276e+05    2.97444e+02   -1.16326e+03


DD  step 116999 load imb.: force 20.4%  pme mesh/force 1.056
           Step           Time
         117000      117.00000

   Energies (kJ/mol)
        LJ (SR)   Coulomb (SR)   Coul. recip.      Potential    Kinetic En.
    1.77300e+04   -1.79490e+05    5.79806e+02   -1.61180e+05    2.88879e+04
   Total Energy  Conserved En.    Temperature Pressure (bar)
   -1.32292e+05   -1.54316e+05    2.98605e+02   -8.49153e+02


DD  step 117999 load imb.: force 18.7%  pme mesh/force 1.086
           Step           Time
         118000      118.00000

   Energies (kJ/mol)
        LJ (SR)   Coulomb (SR)   Coul. recip.      Potential    Kinetic En.
    1.71859e+04   -1.78979e+05    5.84818e+02   -1.61208e+05    2.86763e+04
   Total Energy  Conserved En.    Temperature Pressure (bar)
   -1.32532e+05   -1.54253e+05    2.96417e+02   -1.11154e+03


DD  step 118999 load imb.: force 20.4%  pme mesh/force 1.029
           Step           Time
         119000      119.00000

   Energies (kJ/mol)
        LJ (SR)   Coulomb (SR)   Coul. recip.      Potential    Kinetic En.
    1.62308e+04   -1.77584e+05    5.59164e+02   -1.60794e+05    2.89632e+04
   Total Energy  Conserved En.    Temperature Pressure (bar)
   -1.31831e+05   -1.54302e+05    2.99384e+02   -1.46052e+03


DD  step 119999 load imb.: force 18.9%  pme mesh/force 1.053
           Step           Time
         120000      120.00000

   Energies (kJ/mol)
        LJ (SR)   Coulomb (SR)   Coul. recip.      Potential    Kinetic En.
    1.64964e+04   -1.78125e+05    5.50838e+02   -1.61077e+05    2.90670e+04
   Total Energy  Conserved En.    Temperature Pressure (bar)
   -1.32010e+05   -1.54301e+05    3.00456e+02   -1.40774e+03


DD  step 120999 load imb.: force 16.2%  pme mesh/force 1.103
           Step           Time
         121000      121.00000

   Energies (kJ/mol)
        LJ (SR)   Coulomb (SR)   Coul. recip.      Potential    Kinetic En.
    1.72355e+04   -1.78715e+05    5.56728e+02   -1.60923e+05    2.91859e+04
   Total Energy  Conserved En.    Temperature Pressure (bar)
   -1.31737e+05   -1.54258e+05    3.01685e+02   -1.06255e+03


DD  step 121999 load imb.: force 23.3%  pme mesh/force 1.019
           Step           Time
         122000      122.00000

   Energies (kJ/mol)
        LJ (SR)   Coulomb (SR)   Coul. recip.      Potential    Kinetic En.
    1.71612e+04   -1.78722e+05    5.50278e+02   -1.61010e+05    2.92493e+04
   Total Energy  Conserved En.    Temperature Pressure (bar)
   -1.31761e+05   -1.54243e+05    3.02340e+02   -1.04420e+03


DD  step 122999 load imb.: force 19.3%  pme mesh/force 1.111
           Step           Time
         123000      123.00000

   Energies (kJ/mol)
        LJ (SR)   Coulomb (SR)   Coul. recip.      Potential    Kinetic En.
    1.80931e+04   -1.79919e+05    5.61436e+02   -1.61264e+05    2.88156e+04
   Total Energy  Conserved En.    Temperature Pressure (bar)
   -1.32449e+05   -1.54266e+05    2.97858e+02   -6.75628e+02


DD  step 123999 load imb.: force 16.0%  pme mesh/force 1.113
           Step           Time
         124000      124.00000

   Energies (kJ/mol)
        LJ (SR)   Coulomb (SR)   Coul. recip.      Potential    Kinetic En.
    1.70601e+04   -1.78394e+05    5.27296e+02   -1.60806e+05    2.96135e+04
   Total Energy  Conserved En.    Temperature Pressure (bar)
   -1.31193e+05   -1.54249e+05    3.06106e+02   -1.07843e+03


DD  step 124999 load imb.: force 23.7%  pme mesh/force 1.030
           Step           Time
         125000      125.00000

Writing checkpoint, step 125000 at Thu Oct 12 16:51:35 2023


   Energies (kJ/mol)
        LJ (SR)   Coulomb (SR)   Coul. recip.      Potential    Kinetic En.
    1.69386e+04   -1.78875e+05    5.44952e+02   -1.61392e+05    2.93715e+04
   Total Energy  Conserved En.    Temperature Pressure (bar)
   -1.32020e+05   -1.54258e+05    3.03604e+02   -1.20044e+03


	<======  ###############  ==>
	<====  A V E R A G E S  ====>
	<==  ###############  ======>

	Statistics over 125001 steps using 1251 frames

   Energies (kJ/mol)
        LJ (SR)   Coulomb (SR)   Coul. recip.      Potential    Kinetic En.
    1.70701e+04   -1.78690e+05    5.69801e+02   -1.61050e+05    2.90288e+04
   Total Energy  Conserved En.    Temperature Pressure (bar)
   -1.32022e+05   -1.54446e+05    3.00061e+02   -1.12559e+03

   Total Virial (kJ/mol)
    1.39316e+04   -1.59544e+01   -3.24686e+00
   -1.51666e+01    1.38922e+04    5.43102e+00
   -2.45936e+00    4.98386e+00    1.39147e+04

   Pressure (bar)
   -1.13101e+03    3.89706e+00    4.62681e-01
    3.68775e+00   -1.12023e+03   -2.40602e+00
    2.53456e-01   -2.28721e+00   -1.12554e+03


	M E G A - F L O P S   A C C O U N T I N G

 NB=Group-cutoff nonbonded kernels    NxN=N-by-N cluster Verlet kernels
 RF=Reaction-Field  VdW=Van der Waals  QSTab=quadratic-spline table
 W3=SPC/TIP3p  W4=TIP4p (single or pairs)
 V&F=Potential and force  V=Potential only  F=Force only

 Computing:                               M-Number         M-Flops  % Flops
-----------------------------------------------------------------------------
 Pair Search distance check            8545.137942       76906.241     0.1
 NxN Ewald Elec. + LJ [F]           1283153.856336   100086000.794    92.1
 NxN Ewald Elec. + LJ [V&F]           12971.537632     1673328.355     1.5
 NxN Ewald Elec. [F]                  54204.396048     3306468.159     3.0
 NxN Ewald Elec. [V&F]                  547.954432       46028.172     0.0
 Calc Weights                          4361.284890      157006.256     0.1
 Spread Q Bspline                     93040.744320      186081.489     0.2
 Gather F Bspline                     93040.744320      558244.466     0.5
 3D-FFT                              299371.256236     2394970.050     2.2
 Solve PME                             1101.876820       70520.116     0.1
 Reset In Box                            14.549130          43.647     0.0
 CG-CoM                                  14.560760          43.682     0.0
 Virial                                  23.556330         424.014     0.0
 Stop-CM                                 14.560760         145.608     0.0
 Calc-Ekin                              145.398260        3925.753     0.0
 Constraint-V                          1452.023232       11616.186     0.0
 Constraint-Vir                          14.531616         348.759     0.0
 Settle                                 484.011616      156335.752     0.1
-----------------------------------------------------------------------------
 Total                                               108728437.499   100.0
-----------------------------------------------------------------------------


    D O M A I N   D E C O M P O S I T I O N   S T A T I S T I C S

 av. #atoms communicated per step for force:  2 x 116655.8


Dynamic load balancing report:
 DLB was off during the run due to low measured imbalance.
 Average load imbalance: 20.0%.
 The balanceable part of the MD step is 73%, load imbalance is computed from this.
 Part of the total run time spent waiting due to load imbalance: 14.6%.
 Average PME mesh/force load: 1.076
 Part of the total run time spent waiting due to PP/PME imbalance: 5.2 %

NOTE: 14.6 % of the available CPU time was lost due to load imbalance
      in the domain decomposition.
      You might want to use dynamic load balancing (option -dlb.)
      You can also consider manually changing the decomposition (option -dd);
      e.g. by using fewer domains along the box dimension in which there is
      considerable inhomogeneity in the simulated system.
NOTE: 5.2 % performance was lost because the PME ranks
      had more work to do than the PP ranks.
      You might want to increase the number of PME ranks
      or increase the cut-off and the grid spacing.


     R E A L   C Y C L E   A N D   T I M E   A C C O U N T I N G

On 160 MPI ranks doing PP, and
on 40 MPI ranks doing PME

 Computing:          Num   Num      Call    Wall time         Giga-Cycles
                     Ranks Threads  Count      (s)         total sum    %
-----------------------------------------------------------------------------
 Domain decomp.       160    1       1251       0.333        154.274   0.9
 DD comm. load        160    1       1241       0.003          1.382   0.0
 Send X to PME        160    1     125001       0.079         36.555   0.2
 Neighbor search      160    1       1251       0.338        156.662   0.9
 Comm. coord.         160    1     123750       3.141       1454.010   8.7
 Force                160    1     125001      16.504       7639.759  45.5
 Wait + Comm. F       160    1     125001       5.124       2371.995  14.1
 PME mesh *            40    1     125001      25.696       2973.752  17.7
 PME wait for PP *                              3.279        379.410   2.3
 Wait + Recv. PME F   160    1     125001       1.472        681.386   4.1
 NB X/F buffer ops.   160    1     372501       0.665        307.886   1.8
 Write traj.          160    1         26       0.004          1.807   0.0
 Update               160    1     125001       0.128         59.218   0.4
 Constraints          160    1     125003       0.213         98.774   0.6
 Comm. energies       160    1       6251       0.814        376.956   2.2
 Rest                                           0.191         88.270   0.5
-----------------------------------------------------------------------------
 Total                                         29.010      16786.166 100.0
-----------------------------------------------------------------------------
(*) Note that with separate PME ranks, the walltime column actually sums to
    twice the total reported, but the cycle count total and % are correct.
-----------------------------------------------------------------------------
 Breakdown of PME mesh computation
-----------------------------------------------------------------------------
 PME redist. X/F       40    1     250002       6.898        798.238   4.8
 PME spread            40    1     125001       3.753        434.344   2.6
 PME gather            40    1     125001       5.166        597.848   3.6
 PME 3D-FFT            40    1     250002       4.370        505.751   3.0
 PME 3D-FFT Comm.      40    1     500004       5.182        599.699   3.6
 PME solve Elec        40    1     125001       0.244         28.293   0.2
-----------------------------------------------------------------------------

               Core t (s)   Wall t (s)        (%)
       Time:     5801.960       29.010    19999.8
                 (ns/day)    (hour/ns)
Performance:      372.287        0.064
Finished mdrun on rank 0 Thu Oct 12 16:51:35 2023

